[2016-04-27 13:34:19,024][INFO ][node                     ] [Rictor] version[2.2.0], pid[1290], build[8ff36d1/2016-01-27T13:32:39Z]
[2016-04-27 13:34:19,025][INFO ][node                     ] [Rictor] initializing ...
[2016-04-27 13:34:19,404][INFO ][plugins                  ] [Rictor] modules [lang-expression, lang-groovy], plugins [], sites []
[2016-04-27 13:34:19,422][INFO ][env                      ] [Rictor] using [1] data paths, mounts [[/ (/dev/disk1)]], net usable_space [358.7gb], net total_space [464.7gb], spins? [unknown], types [hfs]
[2016-04-27 13:34:19,422][INFO ][env                      ] [Rictor] heap size [990.7mb], compressed ordinary object pointers [true]
[2016-04-27 13:34:21,108][INFO ][node                     ] [Rictor] initialized
[2016-04-27 13:34:21,108][INFO ][node                     ] [Rictor] starting ...
[2016-04-27 13:34:21,188][INFO ][transport                ] [Rictor] publish_address {127.0.0.1:9300}, bound_addresses {[fe80::1]:9300}, {[::1]:9300}, {127.0.0.1:9300}
[2016-04-27 13:34:21,195][INFO ][discovery                ] [Rictor] elasticsearch/BT65SZfnTKGxVoLHf8rJrQ
[2016-04-27 13:34:24,227][INFO ][cluster.service          ] [Rictor] new_master {Rictor}{BT65SZfnTKGxVoLHf8rJrQ}{127.0.0.1}{127.0.0.1:9300}, reason: zen-disco-join(elected_as_master, [0] joins received)
[2016-04-27 13:34:24,242][INFO ][http                     ] [Rictor] publish_address {127.0.0.1:9200}, bound_addresses {[fe80::1]:9200}, {[::1]:9200}, {127.0.0.1:9200}
[2016-04-27 13:34:24,242][INFO ][node                     ] [Rictor] started
[2016-04-27 13:34:24,285][INFO ][gateway                  ] [Rictor] recovered [1] indices into cluster_state
[2016-04-27 13:34:24,778][INFO ][cluster.routing.allocation] [Rictor] Cluster health status changed from [RED] to [YELLOW] (reason: [shards started [[test-index][4], [test-index][2], [test-index][0], [test-index][4], [test-index][1], [test-index][0]] ...]).
[2016-04-27 13:34:33,667][INFO ][cluster.metadata         ] [Rictor] [test-index] creating index, cause [api], templates [], shards [5]/[1], mappings []
[2016-04-27 13:34:33,741][INFO ][cluster.metadata         ] [Rictor] [test-index] create_mapping [test-type]
[2016-04-27 13:34:33,747][INFO ][cluster.routing.allocation] [Rictor] Cluster health status changed from [RED] to [YELLOW] (reason: [shards started [[test-index][4], [test-index][4]] ...]).
[2016-04-27 13:36:01,248][INFO ][node                     ] [Rictor] stopping ...
[2016-04-27 13:36:01,314][INFO ][node                     ] [Rictor] stopped
[2016-04-27 13:36:01,314][INFO ][node                     ] [Rictor] closing ...
[2016-04-27 13:36:01,322][INFO ][node                     ] [Rictor] closed
[2016-04-27 14:18:19,051][INFO ][node                     ] [Overrider] version[2.2.0], pid[1401], build[8ff36d1/2016-01-27T13:32:39Z]
[2016-04-27 14:18:19,052][INFO ][node                     ] [Overrider] initializing ...
[2016-04-27 14:18:19,468][INFO ][plugins                  ] [Overrider] modules [lang-expression, lang-groovy], plugins [], sites []
[2016-04-27 14:18:19,484][INFO ][env                      ] [Overrider] using [1] data paths, mounts [[/ (/dev/disk1)]], net usable_space [358.7gb], net total_space [464.7gb], spins? [unknown], types [hfs]
[2016-04-27 14:18:19,485][INFO ][env                      ] [Overrider] heap size [990.7mb], compressed ordinary object pointers [true]
[2016-04-27 14:18:21,157][INFO ][node                     ] [Overrider] initialized
[2016-04-27 14:18:21,157][INFO ][node                     ] [Overrider] starting ...
[2016-04-27 14:18:21,242][INFO ][transport                ] [Overrider] publish_address {127.0.0.1:9300}, bound_addresses {[fe80::1]:9300}, {[::1]:9300}, {127.0.0.1:9300}
[2016-04-27 14:18:21,252][INFO ][discovery                ] [Overrider] elasticsearch/u8fmYJa8QaGHqGzVJzt5IA
[2016-04-27 14:18:24,290][INFO ][cluster.service          ] [Overrider] new_master {Overrider}{u8fmYJa8QaGHqGzVJzt5IA}{127.0.0.1}{127.0.0.1:9300}, reason: zen-disco-join(elected_as_master, [0] joins received)
[2016-04-27 14:18:24,306][INFO ][http                     ] [Overrider] publish_address {127.0.0.1:9200}, bound_addresses {[fe80::1]:9200}, {[::1]:9200}, {127.0.0.1:9200}
[2016-04-27 14:18:24,307][INFO ][node                     ] [Overrider] started
[2016-04-27 14:18:24,342][INFO ][gateway                  ] [Overrider] recovered [1] indices into cluster_state
[2016-04-27 14:18:24,770][INFO ][cluster.routing.allocation] [Overrider] Cluster health status changed from [RED] to [YELLOW] (reason: [shards started [[test-index][2]] ...]).
[2016-04-27 14:18:25,067][INFO ][cluster.metadata         ] [Overrider] [test-index] creating index, cause [api], templates [], shards [5]/[1], mappings []
[2016-04-27 14:18:25,146][INFO ][cluster.metadata         ] [Overrider] [test-index] create_mapping [test-type]
[2016-04-27 14:18:25,151][INFO ][cluster.routing.allocation] [Overrider] Cluster health status changed from [RED] to [YELLOW] (reason: [shards started [[test-index][4], [test-index][4]] ...]).
[2016-04-27 14:46:15,308][INFO ][cluster.metadata         ] [Overrider] [test-index] creating index, cause [api], templates [], shards [5]/[1], mappings []
[2016-04-27 14:46:15,364][INFO ][cluster.metadata         ] [Overrider] [test-index] create_mapping [test-type]
[2016-04-27 14:46:15,368][INFO ][cluster.routing.allocation] [Overrider] Cluster health status changed from [RED] to [YELLOW] (reason: [shards started [[test-index][4], [test-index][4]] ...]).
[2016-04-27 14:46:41,407][INFO ][cluster.metadata         ] [Overrider] [test-index] creating index, cause [api], templates [], shards [5]/[1], mappings []
[2016-04-27 14:46:41,459][INFO ][cluster.metadata         ] [Overrider] [test-index] create_mapping [test-type]
[2016-04-27 14:46:41,462][INFO ][cluster.routing.allocation] [Overrider] Cluster health status changed from [RED] to [YELLOW] (reason: [shards started [[test-index][4], [test-index][4]] ...]).
[2016-04-27 14:49:51,550][INFO ][cluster.metadata         ] [Overrider] [test-index] creating index, cause [api], templates [], shards [5]/[1], mappings []
[2016-04-27 14:49:51,602][INFO ][cluster.metadata         ] [Overrider] [test-index] create_mapping [test-type]
[2016-04-27 14:49:51,607][INFO ][cluster.routing.allocation] [Overrider] Cluster health status changed from [RED] to [YELLOW] (reason: [shards started [[test-index][4], [test-index][4]] ...]).
[2016-04-27 14:57:51,885][WARN ][index.translog           ] [Overrider] [test-index][1] failed to delete unreferenced translog files
java.nio.file.NoSuchFileException: /Users/zhaoyuechen/Desktop/TwitterMapProj-master/elasticputdata/elasticsearch-2.2.0/data/elasticsearch/nodes/0/indices/test-index/1/translog
	at sun.nio.fs.UnixException.translateToIOException(UnixException.java:86)
	at sun.nio.fs.UnixException.rethrowAsIOException(UnixException.java:102)
	at sun.nio.fs.UnixException.rethrowAsIOException(UnixException.java:107)
	at sun.nio.fs.UnixFileSystemProvider.newDirectoryStream(UnixFileSystemProvider.java:407)
	at java.nio.file.Files.newDirectoryStream(Files.java:457)
	at org.elasticsearch.index.translog.Translog$OnCloseRunnable.handle(Translog.java:725)
	at org.elasticsearch.index.translog.Translog$OnCloseRunnable.handle(Translog.java:713)
	at org.elasticsearch.index.translog.ChannelReference.closeInternal(ChannelReference.java:67)
	at org.elasticsearch.common.util.concurrent.AbstractRefCounted.decRef(AbstractRefCounted.java:64)
	at org.elasticsearch.index.translog.BufferingTranslogWriter.sync(BufferingTranslogWriter.java:135)
	at org.elasticsearch.index.translog.TranslogWriter.syncUpTo(TranslogWriter.java:288)
	at org.elasticsearch.index.translog.Translog.ensureSynced(Translog.java:671)
	at org.elasticsearch.index.shard.IndexShard.sync(IndexShard.java:1554)
	at org.elasticsearch.action.support.replication.TransportReplicationAction.processAfterWrite(TransportReplicationAction.java:985)
	at org.elasticsearch.action.index.TransportIndexAction.shardOperationOnPrimary(TransportIndexAction.java:160)
	at org.elasticsearch.action.index.TransportIndexAction.shardOperationOnPrimary(TransportIndexAction.java:65)
	at org.elasticsearch.action.support.replication.TransportReplicationAction$PrimaryPhase.doRun(TransportReplicationAction.java:595)
	at org.elasticsearch.common.util.concurrent.AbstractRunnable.run(AbstractRunnable.java:37)
	at org.elasticsearch.action.support.replication.TransportReplicationAction$PrimaryOperationTransportHandler.messageReceived(TransportReplicationAction.java:263)
	at org.elasticsearch.action.support.replication.TransportReplicationAction$PrimaryOperationTransportHandler.messageReceived(TransportReplicationAction.java:260)
	at org.elasticsearch.transport.TransportService$4.doRun(TransportService.java:350)
	at org.elasticsearch.common.util.concurrent.AbstractRunnable.run(AbstractRunnable.java:37)
	at java.util.concurrent.ThreadPoolExecutor.runWorker(ThreadPoolExecutor.java:1142)
	at java.util.concurrent.ThreadPoolExecutor$Worker.run(ThreadPoolExecutor.java:617)
	at java.lang.Thread.run(Thread.java:745)
[2016-04-27 14:57:51,888][DEBUG][action.index             ] [Overrider] failed to execute [index {[test-index][test-type][AVRZFacL1OVDYb9Vx4I-], source[{"latitude": 18.00490426, "longitude": -76.76401045, "key": "Just posted a photo @ Beverly Hills, Kingston, Jamaica https://t.co/j6ginaUpY9"}]}] on [[test-index][1]]
ElasticsearchException[failed to sync translog]; nested: NoSuchFileException[/Users/zhaoyuechen/Desktop/TwitterMapProj-master/elasticputdata/elasticsearch-2.2.0/data/elasticsearch/nodes/0/indices/test-index/1/translog/translog.ckp];
	at org.elasticsearch.index.shard.IndexShard.sync(IndexShard.java:1559)
	at org.elasticsearch.action.support.replication.TransportReplicationAction.processAfterWrite(TransportReplicationAction.java:985)
	at org.elasticsearch.action.index.TransportIndexAction.shardOperationOnPrimary(TransportIndexAction.java:160)
	at org.elasticsearch.action.index.TransportIndexAction.shardOperationOnPrimary(TransportIndexAction.java:65)
	at org.elasticsearch.action.support.replication.TransportReplicationAction$PrimaryPhase.doRun(TransportReplicationAction.java:595)
	at org.elasticsearch.common.util.concurrent.AbstractRunnable.run(AbstractRunnable.java:37)
	at org.elasticsearch.action.support.replication.TransportReplicationAction$PrimaryOperationTransportHandler.messageReceived(TransportReplicationAction.java:263)
	at org.elasticsearch.action.support.replication.TransportReplicationAction$PrimaryOperationTransportHandler.messageReceived(TransportReplicationAction.java:260)
	at org.elasticsearch.transport.TransportService$4.doRun(TransportService.java:350)
	at org.elasticsearch.common.util.concurrent.AbstractRunnable.run(AbstractRunnable.java:37)
	at java.util.concurrent.ThreadPoolExecutor.runWorker(ThreadPoolExecutor.java:1142)
	at java.util.concurrent.ThreadPoolExecutor$Worker.run(ThreadPoolExecutor.java:617)
	at java.lang.Thread.run(Thread.java:745)
Caused by: java.nio.file.NoSuchFileException: /Users/zhaoyuechen/Desktop/TwitterMapProj-master/elasticputdata/elasticsearch-2.2.0/data/elasticsearch/nodes/0/indices/test-index/1/translog/translog.ckp
	at sun.nio.fs.UnixException.translateToIOException(UnixException.java:86)
	at sun.nio.fs.UnixException.rethrowAsIOException(UnixException.java:102)
	at sun.nio.fs.UnixException.rethrowAsIOException(UnixException.java:107)
	at sun.nio.fs.UnixFileSystemProvider.newFileChannel(UnixFileSystemProvider.java:177)
	at java.nio.channels.FileChannel.open(FileChannel.java:287)
	at java.nio.channels.FileChannel.open(FileChannel.java:335)
	at org.elasticsearch.index.translog.Checkpoint.write(Checkpoint.java:88)
	at org.elasticsearch.index.translog.TranslogWriter.writeCheckpoint(TranslogWriter.java:314)
	at org.elasticsearch.index.translog.TranslogWriter.checkpoint(TranslogWriter.java:304)
	at org.elasticsearch.index.translog.BufferingTranslogWriter.sync(BufferingTranslogWriter.java:132)
	at org.elasticsearch.index.translog.TranslogWriter.syncUpTo(TranslogWriter.java:288)
	at org.elasticsearch.index.translog.Translog.ensureSynced(Translog.java:671)
	at org.elasticsearch.index.shard.IndexShard.sync(IndexShard.java:1554)
	... 12 more
[2016-04-27 14:57:51,890][INFO ][rest.suppressed          ] /test-index/test-type Params: {index=test-index, type=test-type}
RemoteTransportException[[Overrider][127.0.0.1:9300][indices:data/write/index[p]]]; nested: ElasticsearchException[failed to sync translog]; nested: NoSuchFileException[/Users/zhaoyuechen/Desktop/TwitterMapProj-master/elasticputdata/elasticsearch-2.2.0/data/elasticsearch/nodes/0/indices/test-index/1/translog/translog.ckp];
Caused by: ElasticsearchException[failed to sync translog]; nested: NoSuchFileException[/Users/zhaoyuechen/Desktop/TwitterMapProj-master/elasticputdata/elasticsearch-2.2.0/data/elasticsearch/nodes/0/indices/test-index/1/translog/translog.ckp];
	at org.elasticsearch.index.shard.IndexShard.sync(IndexShard.java:1559)
	at org.elasticsearch.action.support.replication.TransportReplicationAction.processAfterWrite(TransportReplicationAction.java:985)
	at org.elasticsearch.action.index.TransportIndexAction.shardOperationOnPrimary(TransportIndexAction.java:160)
	at org.elasticsearch.action.index.TransportIndexAction.shardOperationOnPrimary(TransportIndexAction.java:65)
	at org.elasticsearch.action.support.replication.TransportReplicationAction$PrimaryPhase.doRun(TransportReplicationAction.java:595)
	at org.elasticsearch.common.util.concurrent.AbstractRunnable.run(AbstractRunnable.java:37)
	at org.elasticsearch.action.support.replication.TransportReplicationAction$PrimaryOperationTransportHandler.messageReceived(TransportReplicationAction.java:263)
	at org.elasticsearch.action.support.replication.TransportReplicationAction$PrimaryOperationTransportHandler.messageReceived(TransportReplicationAction.java:260)
	at org.elasticsearch.transport.TransportService$4.doRun(TransportService.java:350)
	at org.elasticsearch.common.util.concurrent.AbstractRunnable.run(AbstractRunnable.java:37)
	at java.util.concurrent.ThreadPoolExecutor.runWorker(ThreadPoolExecutor.java:1142)
	at java.util.concurrent.ThreadPoolExecutor$Worker.run(ThreadPoolExecutor.java:617)
	at java.lang.Thread.run(Thread.java:745)
Caused by: java.nio.file.NoSuchFileException: /Users/zhaoyuechen/Desktop/TwitterMapProj-master/elasticputdata/elasticsearch-2.2.0/data/elasticsearch/nodes/0/indices/test-index/1/translog/translog.ckp
	at sun.nio.fs.UnixException.translateToIOException(UnixException.java:86)
	at sun.nio.fs.UnixException.rethrowAsIOException(UnixException.java:102)
	at sun.nio.fs.UnixException.rethrowAsIOException(UnixException.java:107)
	at sun.nio.fs.UnixFileSystemProvider.newFileChannel(UnixFileSystemProvider.java:177)
	at java.nio.channels.FileChannel.open(FileChannel.java:287)
	at java.nio.channels.FileChannel.open(FileChannel.java:335)
	at org.elasticsearch.index.translog.Checkpoint.write(Checkpoint.java:88)
	at org.elasticsearch.index.translog.TranslogWriter.writeCheckpoint(TranslogWriter.java:314)
	at org.elasticsearch.index.translog.TranslogWriter.checkpoint(TranslogWriter.java:304)
	at org.elasticsearch.index.translog.BufferingTranslogWriter.sync(BufferingTranslogWriter.java:132)
	at org.elasticsearch.index.translog.TranslogWriter.syncUpTo(TranslogWriter.java:288)
	at org.elasticsearch.index.translog.Translog.ensureSynced(Translog.java:671)
	at org.elasticsearch.index.shard.IndexShard.sync(IndexShard.java:1554)
	... 12 more
[2016-04-27 14:57:51,899][WARN ][index.translog           ] [Overrider] [test-index][3] failed to delete unreferenced translog files
java.nio.file.NoSuchFileException: /Users/zhaoyuechen/Desktop/TwitterMapProj-master/elasticputdata/elasticsearch-2.2.0/data/elasticsearch/nodes/0/indices/test-index/3/translog
	at sun.nio.fs.UnixException.translateToIOException(UnixException.java:86)
	at sun.nio.fs.UnixException.rethrowAsIOException(UnixException.java:102)
	at sun.nio.fs.UnixException.rethrowAsIOException(UnixException.java:107)
	at sun.nio.fs.UnixFileSystemProvider.newDirectoryStream(UnixFileSystemProvider.java:407)
	at java.nio.file.Files.newDirectoryStream(Files.java:457)
	at org.elasticsearch.index.translog.Translog$OnCloseRunnable.handle(Translog.java:725)
	at org.elasticsearch.index.translog.Translog$OnCloseRunnable.handle(Translog.java:713)
	at org.elasticsearch.index.translog.ChannelReference.closeInternal(ChannelReference.java:67)
	at org.elasticsearch.common.util.concurrent.AbstractRefCounted.decRef(AbstractRefCounted.java:64)
	at org.elasticsearch.index.translog.TranslogReader.close(TranslogReader.java:143)
	at org.apache.lucene.util.IOUtils.close(IOUtils.java:97)
	at org.apache.lucene.util.IOUtils.close(IOUtils.java:84)
	at org.elasticsearch.index.translog.Translog.close(Translog.java:423)
	at org.apache.lucene.util.IOUtils.close(IOUtils.java:97)
	at org.apache.lucene.util.IOUtils.close(IOUtils.java:84)
	at org.elasticsearch.index.engine.InternalEngine.closeNoLock(InternalEngine.java:990)
	at org.elasticsearch.index.engine.Engine.failEngine(Engine.java:540)
	at org.elasticsearch.index.engine.InternalEngine.maybeFailEngine(InternalEngine.java:929)
	at org.elasticsearch.index.engine.InternalEngine.create(InternalEngine.java:366)
	at org.elasticsearch.index.shard.IndexShard.create(IndexShard.java:515)
	at org.elasticsearch.index.engine.Engine$Create.execute(Engine.java:810)
	at org.elasticsearch.action.index.TransportIndexAction.executeIndexRequestOnPrimary(TransportIndexAction.java:236)
	at org.elasticsearch.action.index.TransportIndexAction.shardOperationOnPrimary(TransportIndexAction.java:157)
	at org.elasticsearch.action.index.TransportIndexAction.shardOperationOnPrimary(TransportIndexAction.java:65)
	at org.elasticsearch.action.support.replication.TransportReplicationAction$PrimaryPhase.doRun(TransportReplicationAction.java:595)
	at org.elasticsearch.common.util.concurrent.AbstractRunnable.run(AbstractRunnable.java:37)
	at org.elasticsearch.action.support.replication.TransportReplicationAction$PrimaryOperationTransportHandler.messageReceived(TransportReplicationAction.java:263)
	at org.elasticsearch.action.support.replication.TransportReplicationAction$PrimaryOperationTransportHandler.messageReceived(TransportReplicationAction.java:260)
	at org.elasticsearch.transport.TransportService$4.doRun(TransportService.java:350)
	at org.elasticsearch.common.util.concurrent.AbstractRunnable.run(AbstractRunnable.java:37)
	at java.util.concurrent.ThreadPoolExecutor.runWorker(ThreadPoolExecutor.java:1142)
	at java.util.concurrent.ThreadPoolExecutor$Worker.run(ThreadPoolExecutor.java:617)
	at java.lang.Thread.run(Thread.java:745)
[2016-04-27 14:57:51,900][WARN ][index.engine             ] [Overrider] [test-index][3] failed engine [create]
java.nio.file.NoSuchFileException: /Users/zhaoyuechen/Desktop/TwitterMapProj-master/elasticputdata/elasticsearch-2.2.0/data/elasticsearch/nodes/0/indices/test-index/3/index/write.lock
	at sun.nio.fs.UnixException.translateToIOException(UnixException.java:86)
	at sun.nio.fs.UnixException.rethrowAsIOException(UnixException.java:102)
	at sun.nio.fs.UnixException.rethrowAsIOException(UnixException.java:107)
	at sun.nio.fs.UnixFileAttributeViews$Basic.readAttributes(UnixFileAttributeViews.java:55)
	at sun.nio.fs.UnixFileSystemProvider.readAttributes(UnixFileSystemProvider.java:144)
	at java.nio.file.Files.readAttributes(Files.java:1737)
	at org.apache.lucene.store.NativeFSLockFactory$NativeFSLock.ensureValid(NativeFSLockFactory.java:177)
	at org.apache.lucene.store.LockValidatingDirectoryWrapper.createOutput(LockValidatingDirectoryWrapper.java:43)
	at org.apache.lucene.store.TrackingDirectoryWrapper.createOutput(TrackingDirectoryWrapper.java:43)
	at org.apache.lucene.codecs.compressing.CompressingStoredFieldsWriter.<init>(CompressingStoredFieldsWriter.java:108)
	at org.apache.lucene.codecs.compressing.CompressingStoredFieldsFormat.fieldsWriter(CompressingStoredFieldsFormat.java:128)
	at org.apache.lucene.codecs.lucene50.Lucene50StoredFieldsFormat.fieldsWriter(Lucene50StoredFieldsFormat.java:183)
	at org.apache.lucene.index.DefaultIndexingChain.initStoredFieldsWriter(DefaultIndexingChain.java:81)
	at org.apache.lucene.index.DefaultIndexingChain.startStoredFields(DefaultIndexingChain.java:258)
	at org.apache.lucene.index.DefaultIndexingChain.processDocument(DefaultIndexingChain.java:295)
	at org.apache.lucene.index.DocumentsWriterPerThread.updateDocument(DocumentsWriterPerThread.java:234)
	at org.apache.lucene.index.DocumentsWriter.updateDocument(DocumentsWriter.java:450)
	at org.apache.lucene.index.IndexWriter.updateDocument(IndexWriter.java:1477)
	at org.apache.lucene.index.IndexWriter.addDocument(IndexWriter.java:1256)
	at org.elasticsearch.index.engine.InternalEngine.innerCreateNoLock(InternalEngine.java:448)
	at org.elasticsearch.index.engine.InternalEngine.innerCreate(InternalEngine.java:390)
	at org.elasticsearch.index.engine.InternalEngine.create(InternalEngine.java:362)
	at org.elasticsearch.index.shard.IndexShard.create(IndexShard.java:515)
	at org.elasticsearch.index.engine.Engine$Create.execute(Engine.java:810)
	at org.elasticsearch.action.index.TransportIndexAction.executeIndexRequestOnPrimary(TransportIndexAction.java:236)
	at org.elasticsearch.action.index.TransportIndexAction.shardOperationOnPrimary(TransportIndexAction.java:157)
	at org.elasticsearch.action.index.TransportIndexAction.shardOperationOnPrimary(TransportIndexAction.java:65)
	at org.elasticsearch.action.support.replication.TransportReplicationAction$PrimaryPhase.doRun(TransportReplicationAction.java:595)
	at org.elasticsearch.common.util.concurrent.AbstractRunnable.run(AbstractRunnable.java:37)
	at org.elasticsearch.action.support.replication.TransportReplicationAction$PrimaryOperationTransportHandler.messageReceived(TransportReplicationAction.java:263)
	at org.elasticsearch.action.support.replication.TransportReplicationAction$PrimaryOperationTransportHandler.messageReceived(TransportReplicationAction.java:260)
	at org.elasticsearch.transport.TransportService$4.doRun(TransportService.java:350)
	at org.elasticsearch.common.util.concurrent.AbstractRunnable.run(AbstractRunnable.java:37)
	at java.util.concurrent.ThreadPoolExecutor.runWorker(ThreadPoolExecutor.java:1142)
	at java.util.concurrent.ThreadPoolExecutor$Worker.run(ThreadPoolExecutor.java:617)
	at java.lang.Thread.run(Thread.java:745)
[2016-04-27 14:57:51,901][DEBUG][action.index             ] [Overrider] failed to execute [index {[test-index][test-type][AVRZFacZ1OVDYb9Vx4I_], source[{"latitude": 25.8510799, "longitude": -80.1196289, "key": "During your stay at The Deauville treat yourself to an amazing spa treatment at Azul Holisitic\u2026 https://t.co/qjeucpCPXx"}]}] on [[test-index][3]]
[test-index][[test-index][3]] CreateFailedEngineException[Create failed for [test-type#AVRZFacZ1OVDYb9Vx4I_]]; nested: NoSuchFileException[/Users/zhaoyuechen/Desktop/TwitterMapProj-master/elasticputdata/elasticsearch-2.2.0/data/elasticsearch/nodes/0/indices/test-index/3/index/write.lock];
	at org.elasticsearch.index.engine.InternalEngine.create(InternalEngine.java:367)
	at org.elasticsearch.index.shard.IndexShard.create(IndexShard.java:515)
	at org.elasticsearch.index.engine.Engine$Create.execute(Engine.java:810)
	at org.elasticsearch.action.index.TransportIndexAction.executeIndexRequestOnPrimary(TransportIndexAction.java:236)
	at org.elasticsearch.action.index.TransportIndexAction.shardOperationOnPrimary(TransportIndexAction.java:157)
	at org.elasticsearch.action.index.TransportIndexAction.shardOperationOnPrimary(TransportIndexAction.java:65)
	at org.elasticsearch.action.support.replication.TransportReplicationAction$PrimaryPhase.doRun(TransportReplicationAction.java:595)
	at org.elasticsearch.common.util.concurrent.AbstractRunnable.run(AbstractRunnable.java:37)
	at org.elasticsearch.action.support.replication.TransportReplicationAction$PrimaryOperationTransportHandler.messageReceived(TransportReplicationAction.java:263)
	at org.elasticsearch.action.support.replication.TransportReplicationAction$PrimaryOperationTransportHandler.messageReceived(TransportReplicationAction.java:260)
	at org.elasticsearch.transport.TransportService$4.doRun(TransportService.java:350)
	at org.elasticsearch.common.util.concurrent.AbstractRunnable.run(AbstractRunnable.java:37)
	at java.util.concurrent.ThreadPoolExecutor.runWorker(ThreadPoolExecutor.java:1142)
	at java.util.concurrent.ThreadPoolExecutor$Worker.run(ThreadPoolExecutor.java:617)
	at java.lang.Thread.run(Thread.java:745)
Caused by: java.nio.file.NoSuchFileException: /Users/zhaoyuechen/Desktop/TwitterMapProj-master/elasticputdata/elasticsearch-2.2.0/data/elasticsearch/nodes/0/indices/test-index/3/index/write.lock
	at sun.nio.fs.UnixException.translateToIOException(UnixException.java:86)
	at sun.nio.fs.UnixException.rethrowAsIOException(UnixException.java:102)
	at sun.nio.fs.UnixException.rethrowAsIOException(UnixException.java:107)
	at sun.nio.fs.UnixFileAttributeViews$Basic.readAttributes(UnixFileAttributeViews.java:55)
	at sun.nio.fs.UnixFileSystemProvider.readAttributes(UnixFileSystemProvider.java:144)
	at java.nio.file.Files.readAttributes(Files.java:1737)
	at org.apache.lucene.store.NativeFSLockFactory$NativeFSLock.ensureValid(NativeFSLockFactory.java:177)
	at org.apache.lucene.store.LockValidatingDirectoryWrapper.createOutput(LockValidatingDirectoryWrapper.java:43)
	at org.apache.lucene.store.TrackingDirectoryWrapper.createOutput(TrackingDirectoryWrapper.java:43)
	at org.apache.lucene.codecs.compressing.CompressingStoredFieldsWriter.<init>(CompressingStoredFieldsWriter.java:108)
	at org.apache.lucene.codecs.compressing.CompressingStoredFieldsFormat.fieldsWriter(CompressingStoredFieldsFormat.java:128)
	at org.apache.lucene.codecs.lucene50.Lucene50StoredFieldsFormat.fieldsWriter(Lucene50StoredFieldsFormat.java:183)
	at org.apache.lucene.index.DefaultIndexingChain.initStoredFieldsWriter(DefaultIndexingChain.java:81)
	at org.apache.lucene.index.DefaultIndexingChain.startStoredFields(DefaultIndexingChain.java:258)
	at org.apache.lucene.index.DefaultIndexingChain.processDocument(DefaultIndexingChain.java:295)
	at org.apache.lucene.index.DocumentsWriterPerThread.updateDocument(DocumentsWriterPerThread.java:234)
	at org.apache.lucene.index.DocumentsWriter.updateDocument(DocumentsWriter.java:450)
	at org.apache.lucene.index.IndexWriter.updateDocument(IndexWriter.java:1477)
	at org.apache.lucene.index.IndexWriter.addDocument(IndexWriter.java:1256)
	at org.elasticsearch.index.engine.InternalEngine.innerCreateNoLock(InternalEngine.java:448)
	at org.elasticsearch.index.engine.InternalEngine.innerCreate(InternalEngine.java:390)
	at org.elasticsearch.index.engine.InternalEngine.create(InternalEngine.java:362)
	... 14 more
[2016-04-27 14:57:51,901][WARN ][indices.cluster          ] [Overrider] [[test-index][3]] marking and sending shard failed due to [engine failure, reason [create]]
java.nio.file.NoSuchFileException: /Users/zhaoyuechen/Desktop/TwitterMapProj-master/elasticputdata/elasticsearch-2.2.0/data/elasticsearch/nodes/0/indices/test-index/3/index/write.lock
	at sun.nio.fs.UnixException.translateToIOException(UnixException.java:86)
	at sun.nio.fs.UnixException.rethrowAsIOException(UnixException.java:102)
	at sun.nio.fs.UnixException.rethrowAsIOException(UnixException.java:107)
	at sun.nio.fs.UnixFileAttributeViews$Basic.readAttributes(UnixFileAttributeViews.java:55)
	at sun.nio.fs.UnixFileSystemProvider.readAttributes(UnixFileSystemProvider.java:144)
	at java.nio.file.Files.readAttributes(Files.java:1737)
	at org.apache.lucene.store.NativeFSLockFactory$NativeFSLock.ensureValid(NativeFSLockFactory.java:177)
	at org.apache.lucene.store.LockValidatingDirectoryWrapper.createOutput(LockValidatingDirectoryWrapper.java:43)
	at org.apache.lucene.store.TrackingDirectoryWrapper.createOutput(TrackingDirectoryWrapper.java:43)
	at org.apache.lucene.codecs.compressing.CompressingStoredFieldsWriter.<init>(CompressingStoredFieldsWriter.java:108)
	at org.apache.lucene.codecs.compressing.CompressingStoredFieldsFormat.fieldsWriter(CompressingStoredFieldsFormat.java:128)
	at org.apache.lucene.codecs.lucene50.Lucene50StoredFieldsFormat.fieldsWriter(Lucene50StoredFieldsFormat.java:183)
	at org.apache.lucene.index.DefaultIndexingChain.initStoredFieldsWriter(DefaultIndexingChain.java:81)
	at org.apache.lucene.index.DefaultIndexingChain.startStoredFields(DefaultIndexingChain.java:258)
	at org.apache.lucene.index.DefaultIndexingChain.processDocument(DefaultIndexingChain.java:295)
	at org.apache.lucene.index.DocumentsWriterPerThread.updateDocument(DocumentsWriterPerThread.java:234)
	at org.apache.lucene.index.DocumentsWriter.updateDocument(DocumentsWriter.java:450)
	at org.apache.lucene.index.IndexWriter.updateDocument(IndexWriter.java:1477)
	at org.apache.lucene.index.IndexWriter.addDocument(IndexWriter.java:1256)
	at org.elasticsearch.index.engine.InternalEngine.innerCreateNoLock(InternalEngine.java:448)
	at org.elasticsearch.index.engine.InternalEngine.innerCreate(InternalEngine.java:390)
	at org.elasticsearch.index.engine.InternalEngine.create(InternalEngine.java:362)
	at org.elasticsearch.index.shard.IndexShard.create(IndexShard.java:515)
	at org.elasticsearch.index.engine.Engine$Create.execute(Engine.java:810)
	at org.elasticsearch.action.index.TransportIndexAction.executeIndexRequestOnPrimary(TransportIndexAction.java:236)
	at org.elasticsearch.action.index.TransportIndexAction.shardOperationOnPrimary(TransportIndexAction.java:157)
	at org.elasticsearch.action.index.TransportIndexAction.shardOperationOnPrimary(TransportIndexAction.java:65)
	at org.elasticsearch.action.support.replication.TransportReplicationAction$PrimaryPhase.doRun(TransportReplicationAction.java:595)
	at org.elasticsearch.common.util.concurrent.AbstractRunnable.run(AbstractRunnable.java:37)
	at org.elasticsearch.action.support.replication.TransportReplicationAction$PrimaryOperationTransportHandler.messageReceived(TransportReplicationAction.java:263)
	at org.elasticsearch.action.support.replication.TransportReplicationAction$PrimaryOperationTransportHandler.messageReceived(TransportReplicationAction.java:260)
	at org.elasticsearch.transport.TransportService$4.doRun(TransportService.java:350)
	at org.elasticsearch.common.util.concurrent.AbstractRunnable.run(AbstractRunnable.java:37)
	at java.util.concurrent.ThreadPoolExecutor.runWorker(ThreadPoolExecutor.java:1142)
	at java.util.concurrent.ThreadPoolExecutor$Worker.run(ThreadPoolExecutor.java:617)
	at java.lang.Thread.run(Thread.java:745)
[2016-04-27 14:57:51,902][INFO ][rest.suppressed          ] /test-index/test-type Params: {index=test-index, type=test-type}
RemoteTransportException[[Overrider][127.0.0.1:9300][indices:data/write/index[p]]]; nested: CreateFailedEngineException[Create failed for [test-type#AVRZFacZ1OVDYb9Vx4I_]]; nested: NoSuchFileException[/Users/zhaoyuechen/Desktop/TwitterMapProj-master/elasticputdata/elasticsearch-2.2.0/data/elasticsearch/nodes/0/indices/test-index/3/index/write.lock];
Caused by: [test-index][[test-index][3]] CreateFailedEngineException[Create failed for [test-type#AVRZFacZ1OVDYb9Vx4I_]]; nested: NoSuchFileException[/Users/zhaoyuechen/Desktop/TwitterMapProj-master/elasticputdata/elasticsearch-2.2.0/data/elasticsearch/nodes/0/indices/test-index/3/index/write.lock];
	at org.elasticsearch.index.engine.InternalEngine.create(InternalEngine.java:367)
	at org.elasticsearch.index.shard.IndexShard.create(IndexShard.java:515)
	at org.elasticsearch.index.engine.Engine$Create.execute(Engine.java:810)
	at org.elasticsearch.action.index.TransportIndexAction.executeIndexRequestOnPrimary(TransportIndexAction.java:236)
	at org.elasticsearch.action.index.TransportIndexAction.shardOperationOnPrimary(TransportIndexAction.java:157)
	at org.elasticsearch.action.index.TransportIndexAction.shardOperationOnPrimary(TransportIndexAction.java:65)
	at org.elasticsearch.action.support.replication.TransportReplicationAction$PrimaryPhase.doRun(TransportReplicationAction.java:595)
	at org.elasticsearch.common.util.concurrent.AbstractRunnable.run(AbstractRunnable.java:37)
	at org.elasticsearch.action.support.replication.TransportReplicationAction$PrimaryOperationTransportHandler.messageReceived(TransportReplicationAction.java:263)
	at org.elasticsearch.action.support.replication.TransportReplicationAction$PrimaryOperationTransportHandler.messageReceived(TransportReplicationAction.java:260)
	at org.elasticsearch.transport.TransportService$4.doRun(TransportService.java:350)
	at org.elasticsearch.common.util.concurrent.AbstractRunnable.run(AbstractRunnable.java:37)
	at java.util.concurrent.ThreadPoolExecutor.runWorker(ThreadPoolExecutor.java:1142)
	at java.util.concurrent.ThreadPoolExecutor$Worker.run(ThreadPoolExecutor.java:617)
	at java.lang.Thread.run(Thread.java:745)
Caused by: java.nio.file.NoSuchFileException: /Users/zhaoyuechen/Desktop/TwitterMapProj-master/elasticputdata/elasticsearch-2.2.0/data/elasticsearch/nodes/0/indices/test-index/3/index/write.lock
	at sun.nio.fs.UnixException.translateToIOException(UnixException.java:86)
	at sun.nio.fs.UnixException.rethrowAsIOException(UnixException.java:102)
	at sun.nio.fs.UnixException.rethrowAsIOException(UnixException.java:107)
	at sun.nio.fs.UnixFileAttributeViews$Basic.readAttributes(UnixFileAttributeViews.java:55)
	at sun.nio.fs.UnixFileSystemProvider.readAttributes(UnixFileSystemProvider.java:144)
	at java.nio.file.Files.readAttributes(Files.java:1737)
	at org.apache.lucene.store.NativeFSLockFactory$NativeFSLock.ensureValid(NativeFSLockFactory.java:177)
	at org.apache.lucene.store.LockValidatingDirectoryWrapper.createOutput(LockValidatingDirectoryWrapper.java:43)
	at org.apache.lucene.store.TrackingDirectoryWrapper.createOutput(TrackingDirectoryWrapper.java:43)
	at org.apache.lucene.codecs.compressing.CompressingStoredFieldsWriter.<init>(CompressingStoredFieldsWriter.java:108)
	at org.apache.lucene.codecs.compressing.CompressingStoredFieldsFormat.fieldsWriter(CompressingStoredFieldsFormat.java:128)
	at org.apache.lucene.codecs.lucene50.Lucene50StoredFieldsFormat.fieldsWriter(Lucene50StoredFieldsFormat.java:183)
	at org.apache.lucene.index.DefaultIndexingChain.initStoredFieldsWriter(DefaultIndexingChain.java:81)
	at org.apache.lucene.index.DefaultIndexingChain.startStoredFields(DefaultIndexingChain.java:258)
	at org.apache.lucene.index.DefaultIndexingChain.processDocument(DefaultIndexingChain.java:295)
	at org.apache.lucene.index.DocumentsWriterPerThread.updateDocument(DocumentsWriterPerThread.java:234)
	at org.apache.lucene.index.DocumentsWriter.updateDocument(DocumentsWriter.java:450)
	at org.apache.lucene.index.IndexWriter.updateDocument(IndexWriter.java:1477)
	at org.apache.lucene.index.IndexWriter.addDocument(IndexWriter.java:1256)
	at org.elasticsearch.index.engine.InternalEngine.innerCreateNoLock(InternalEngine.java:448)
	at org.elasticsearch.index.engine.InternalEngine.innerCreate(InternalEngine.java:390)
	at org.elasticsearch.index.engine.InternalEngine.create(InternalEngine.java:362)
	... 14 more
[2016-04-27 14:57:51,904][WARN ][cluster.action.shard     ] [Overrider] [test-index][3] received shard failed for [test-index][3], node[u8fmYJa8QaGHqGzVJzt5IA], [P], v[2], s[STARTED], a[id=JaPHBqIKS_iO_mQthS7jtw], indexUUID [aJWiL-onTUigbvZabKDAVg], message [engine failure, reason [create]], failure [NoSuchFileException[/Users/zhaoyuechen/Desktop/TwitterMapProj-master/elasticputdata/elasticsearch-2.2.0/data/elasticsearch/nodes/0/indices/test-index/3/index/write.lock]]
java.nio.file.NoSuchFileException: /Users/zhaoyuechen/Desktop/TwitterMapProj-master/elasticputdata/elasticsearch-2.2.0/data/elasticsearch/nodes/0/indices/test-index/3/index/write.lock
	at sun.nio.fs.UnixException.translateToIOException(UnixException.java:86)
	at sun.nio.fs.UnixException.rethrowAsIOException(UnixException.java:102)
	at sun.nio.fs.UnixException.rethrowAsIOException(UnixException.java:107)
	at sun.nio.fs.UnixFileAttributeViews$Basic.readAttributes(UnixFileAttributeViews.java:55)
	at sun.nio.fs.UnixFileSystemProvider.readAttributes(UnixFileSystemProvider.java:144)
	at java.nio.file.Files.readAttributes(Files.java:1737)
	at org.apache.lucene.store.NativeFSLockFactory$NativeFSLock.ensureValid(NativeFSLockFactory.java:177)
	at org.apache.lucene.store.LockValidatingDirectoryWrapper.createOutput(LockValidatingDirectoryWrapper.java:43)
	at org.apache.lucene.store.TrackingDirectoryWrapper.createOutput(TrackingDirectoryWrapper.java:43)
	at org.apache.lucene.codecs.compressing.CompressingStoredFieldsWriter.<init>(CompressingStoredFieldsWriter.java:108)
	at org.apache.lucene.codecs.compressing.CompressingStoredFieldsFormat.fieldsWriter(CompressingStoredFieldsFormat.java:128)
	at org.apache.lucene.codecs.lucene50.Lucene50StoredFieldsFormat.fieldsWriter(Lucene50StoredFieldsFormat.java:183)
	at org.apache.lucene.index.DefaultIndexingChain.initStoredFieldsWriter(DefaultIndexingChain.java:81)
	at org.apache.lucene.index.DefaultIndexingChain.startStoredFields(DefaultIndexingChain.java:258)
	at org.apache.lucene.index.DefaultIndexingChain.processDocument(DefaultIndexingChain.java:295)
	at org.apache.lucene.index.DocumentsWriterPerThread.updateDocument(DocumentsWriterPerThread.java:234)
	at org.apache.lucene.index.DocumentsWriter.updateDocument(DocumentsWriter.java:450)
	at org.apache.lucene.index.IndexWriter.updateDocument(IndexWriter.java:1477)
	at org.apache.lucene.index.IndexWriter.addDocument(IndexWriter.java:1256)
	at org.elasticsearch.index.engine.InternalEngine.innerCreateNoLock(InternalEngine.java:448)
	at org.elasticsearch.index.engine.InternalEngine.innerCreate(InternalEngine.java:390)
	at org.elasticsearch.index.engine.InternalEngine.create(InternalEngine.java:362)
	at org.elasticsearch.index.shard.IndexShard.create(IndexShard.java:515)
	at org.elasticsearch.index.engine.Engine$Create.execute(Engine.java:810)
	at org.elasticsearch.action.index.TransportIndexAction.executeIndexRequestOnPrimary(TransportIndexAction.java:236)
	at org.elasticsearch.action.index.TransportIndexAction.shardOperationOnPrimary(TransportIndexAction.java:157)
	at org.elasticsearch.action.index.TransportIndexAction.shardOperationOnPrimary(TransportIndexAction.java:65)
	at org.elasticsearch.action.support.replication.TransportReplicationAction$PrimaryPhase.doRun(TransportReplicationAction.java:595)
	at org.elasticsearch.common.util.concurrent.AbstractRunnable.run(AbstractRunnable.java:37)
	at org.elasticsearch.action.support.replication.TransportReplicationAction$PrimaryOperationTransportHandler.messageReceived(TransportReplicationAction.java:263)
	at org.elasticsearch.action.support.replication.TransportReplicationAction$PrimaryOperationTransportHandler.messageReceived(TransportReplicationAction.java:260)
	at org.elasticsearch.transport.TransportService$4.doRun(TransportService.java:350)
	at org.elasticsearch.common.util.concurrent.AbstractRunnable.run(AbstractRunnable.java:37)
	at java.util.concurrent.ThreadPoolExecutor.runWorker(ThreadPoolExecutor.java:1142)
	at java.util.concurrent.ThreadPoolExecutor$Worker.run(ThreadPoolExecutor.java:617)
	at java.lang.Thread.run(Thread.java:745)
[2016-04-27 14:57:51,908][INFO ][cluster.routing.allocation] [Overrider] Cluster health status changed from [YELLOW] to [RED] (reason: [shards failed [[test-index][3]] ...]).
[2016-04-27 14:57:51,910][WARN ][index.engine             ] [Overrider] [test-index][1] failed to rollback writer on close
java.nio.file.NoSuchFileException: /Users/zhaoyuechen/Desktop/TwitterMapProj-master/elasticputdata/elasticsearch-2.2.0/data/elasticsearch/nodes/0/indices/test-index/1/index
	at sun.nio.fs.UnixException.translateToIOException(UnixException.java:86)
	at sun.nio.fs.UnixException.rethrowAsIOException(UnixException.java:102)
	at sun.nio.fs.UnixException.rethrowAsIOException(UnixException.java:107)
	at sun.nio.fs.UnixFileSystemProvider.newDirectoryStream(UnixFileSystemProvider.java:407)
	at java.nio.file.Files.newDirectoryStream(Files.java:457)
	at org.apache.lucene.store.FSDirectory.listAll(FSDirectory.java:190)
	at org.apache.lucene.store.FSDirectory.listAll(FSDirectory.java:202)
	at org.elasticsearch.index.store.FsDirectoryService$1.listAll(FsDirectoryService.java:127)
	at org.apache.lucene.store.FilterDirectory.listAll(FilterDirectory.java:57)
	at org.apache.lucene.store.FilterDirectory.listAll(FilterDirectory.java:57)
	at org.apache.lucene.store.FilterDirectory.listAll(FilterDirectory.java:57)
	at org.apache.lucene.index.IndexFileDeleter.refresh(IndexFileDeleter.java:426)
	at org.apache.lucene.index.IndexWriter.rollbackInternalNoCommit(IndexWriter.java:2099)
	at org.apache.lucene.index.IndexWriter.rollbackInternal(IndexWriter.java:2041)
	at org.apache.lucene.index.IndexWriter.rollback(IndexWriter.java:2034)
	at org.elasticsearch.index.engine.InternalEngine.closeNoLock(InternalEngine.java:997)
	at org.elasticsearch.index.engine.Engine.failEngine(Engine.java:540)
	at org.elasticsearch.index.engine.InternalEngine.maybeFailEngine(InternalEngine.java:921)
	at org.elasticsearch.index.engine.InternalEngine.create(InternalEngine.java:366)
	at org.elasticsearch.index.shard.IndexShard.create(IndexShard.java:515)
	at org.elasticsearch.index.engine.Engine$Create.execute(Engine.java:810)
	at org.elasticsearch.action.index.TransportIndexAction.executeIndexRequestOnPrimary(TransportIndexAction.java:236)
	at org.elasticsearch.action.index.TransportIndexAction.shardOperationOnPrimary(TransportIndexAction.java:157)
	at org.elasticsearch.action.index.TransportIndexAction.shardOperationOnPrimary(TransportIndexAction.java:65)
	at org.elasticsearch.action.support.replication.TransportReplicationAction$PrimaryPhase.doRun(TransportReplicationAction.java:595)
	at org.elasticsearch.common.util.concurrent.AbstractRunnable.run(AbstractRunnable.java:37)
	at org.elasticsearch.action.support.replication.TransportReplicationAction$PrimaryOperationTransportHandler.messageReceived(TransportReplicationAction.java:263)
	at org.elasticsearch.action.support.replication.TransportReplicationAction$PrimaryOperationTransportHandler.messageReceived(TransportReplicationAction.java:260)
	at org.elasticsearch.transport.TransportService$4.doRun(TransportService.java:350)
	at org.elasticsearch.common.util.concurrent.AbstractRunnable.run(AbstractRunnable.java:37)
	at java.util.concurrent.ThreadPoolExecutor.runWorker(ThreadPoolExecutor.java:1142)
	at java.util.concurrent.ThreadPoolExecutor$Worker.run(ThreadPoolExecutor.java:617)
	at java.lang.Thread.run(Thread.java:745)
[2016-04-27 14:57:51,912][WARN ][index.engine             ] [Overrider] [test-index][1] failed engine [already closed by tragic event on the translog]
java.nio.file.NoSuchFileException: /Users/zhaoyuechen/Desktop/TwitterMapProj-master/elasticputdata/elasticsearch-2.2.0/data/elasticsearch/nodes/0/indices/test-index/1/translog/translog.ckp
	at sun.nio.fs.UnixException.translateToIOException(UnixException.java:86)
	at sun.nio.fs.UnixException.rethrowAsIOException(UnixException.java:102)
	at sun.nio.fs.UnixException.rethrowAsIOException(UnixException.java:107)
	at sun.nio.fs.UnixFileSystemProvider.newFileChannel(UnixFileSystemProvider.java:177)
	at java.nio.channels.FileChannel.open(FileChannel.java:287)
	at java.nio.channels.FileChannel.open(FileChannel.java:335)
	at org.elasticsearch.index.translog.Checkpoint.write(Checkpoint.java:88)
	at org.elasticsearch.index.translog.TranslogWriter.writeCheckpoint(TranslogWriter.java:314)
	at org.elasticsearch.index.translog.TranslogWriter.checkpoint(TranslogWriter.java:304)
	at org.elasticsearch.index.translog.BufferingTranslogWriter.sync(BufferingTranslogWriter.java:132)
	at org.elasticsearch.index.translog.TranslogWriter.syncUpTo(TranslogWriter.java:288)
	at org.elasticsearch.index.translog.Translog.ensureSynced(Translog.java:671)
	at org.elasticsearch.index.shard.IndexShard.sync(IndexShard.java:1554)
	at org.elasticsearch.action.support.replication.TransportReplicationAction.processAfterWrite(TransportReplicationAction.java:985)
	at org.elasticsearch.action.index.TransportIndexAction.shardOperationOnPrimary(TransportIndexAction.java:160)
	at org.elasticsearch.action.index.TransportIndexAction.shardOperationOnPrimary(TransportIndexAction.java:65)
	at org.elasticsearch.action.support.replication.TransportReplicationAction$PrimaryPhase.doRun(TransportReplicationAction.java:595)
	at org.elasticsearch.common.util.concurrent.AbstractRunnable.run(AbstractRunnable.java:37)
	at org.elasticsearch.action.support.replication.TransportReplicationAction$PrimaryOperationTransportHandler.messageReceived(TransportReplicationAction.java:263)
	at org.elasticsearch.action.support.replication.TransportReplicationAction$PrimaryOperationTransportHandler.messageReceived(TransportReplicationAction.java:260)
	at org.elasticsearch.transport.TransportService$4.doRun(TransportService.java:350)
	at org.elasticsearch.common.util.concurrent.AbstractRunnable.run(AbstractRunnable.java:37)
	at java.util.concurrent.ThreadPoolExecutor.runWorker(ThreadPoolExecutor.java:1142)
	at java.util.concurrent.ThreadPoolExecutor$Worker.run(ThreadPoolExecutor.java:617)
	at java.lang.Thread.run(Thread.java:745)
[2016-04-27 14:57:51,912][DEBUG][action.index             ] [Overrider] failed to execute [index {[test-index][test-type][AVRZFaci1OVDYb9Vx4JA], source[{"latitude": 19.67116548, "longitude": -99.20810242, "key": "I'm at The Home Depot https://t.co/WIocL8CRSD"}]}] on [[test-index][1]]
[test-index][[test-index][1]] CreateFailedEngineException[Create failed for [test-type#AVRZFaci1OVDYb9Vx4JA]]; nested: AlreadyClosedException[translog is already closed]; nested: NoSuchFileException[/Users/zhaoyuechen/Desktop/TwitterMapProj-master/elasticputdata/elasticsearch-2.2.0/data/elasticsearch/nodes/0/indices/test-index/1/translog/translog.ckp];
	at org.elasticsearch.index.engine.InternalEngine.create(InternalEngine.java:367)
	at org.elasticsearch.index.shard.IndexShard.create(IndexShard.java:515)
	at org.elasticsearch.index.engine.Engine$Create.execute(Engine.java:810)
	at org.elasticsearch.action.index.TransportIndexAction.executeIndexRequestOnPrimary(TransportIndexAction.java:236)
	at org.elasticsearch.action.index.TransportIndexAction.shardOperationOnPrimary(TransportIndexAction.java:157)
	at org.elasticsearch.action.index.TransportIndexAction.shardOperationOnPrimary(TransportIndexAction.java:65)
	at org.elasticsearch.action.support.replication.TransportReplicationAction$PrimaryPhase.doRun(TransportReplicationAction.java:595)
	at org.elasticsearch.common.util.concurrent.AbstractRunnable.run(AbstractRunnable.java:37)
	at org.elasticsearch.action.support.replication.TransportReplicationAction$PrimaryOperationTransportHandler.messageReceived(TransportReplicationAction.java:263)
	at org.elasticsearch.action.support.replication.TransportReplicationAction$PrimaryOperationTransportHandler.messageReceived(TransportReplicationAction.java:260)
	at org.elasticsearch.transport.TransportService$4.doRun(TransportService.java:350)
	at org.elasticsearch.common.util.concurrent.AbstractRunnable.run(AbstractRunnable.java:37)
	at java.util.concurrent.ThreadPoolExecutor.runWorker(ThreadPoolExecutor.java:1142)
	at java.util.concurrent.ThreadPoolExecutor$Worker.run(ThreadPoolExecutor.java:617)
	at java.lang.Thread.run(Thread.java:745)
Caused by: org.apache.lucene.store.AlreadyClosedException: translog is already closed
	at org.elasticsearch.index.translog.Translog.ensureOpen(Translog.java:1889)
	at org.elasticsearch.index.translog.Translog.add(Translog.java:544)
	at org.elasticsearch.index.engine.InternalEngine.innerCreateNoLock(InternalEngine.java:451)
	at org.elasticsearch.index.engine.InternalEngine.innerCreate(InternalEngine.java:390)
	at org.elasticsearch.index.engine.InternalEngine.create(InternalEngine.java:362)
	... 14 more
Caused by: java.nio.file.NoSuchFileException: /Users/zhaoyuechen/Desktop/TwitterMapProj-master/elasticputdata/elasticsearch-2.2.0/data/elasticsearch/nodes/0/indices/test-index/1/translog/translog.ckp
	at sun.nio.fs.UnixException.translateToIOException(UnixException.java:86)
	at sun.nio.fs.UnixException.rethrowAsIOException(UnixException.java:102)
	at sun.nio.fs.UnixException.rethrowAsIOException(UnixException.java:107)
	at sun.nio.fs.UnixFileSystemProvider.newFileChannel(UnixFileSystemProvider.java:177)
	at java.nio.channels.FileChannel.open(FileChannel.java:287)
	at java.nio.channels.FileChannel.open(FileChannel.java:335)
	at org.elasticsearch.index.translog.Checkpoint.write(Checkpoint.java:88)
	at org.elasticsearch.index.translog.TranslogWriter.writeCheckpoint(TranslogWriter.java:314)
	at org.elasticsearch.index.translog.TranslogWriter.checkpoint(TranslogWriter.java:304)
	at org.elasticsearch.index.translog.BufferingTranslogWriter.sync(BufferingTranslogWriter.java:132)
	at org.elasticsearch.index.translog.TranslogWriter.syncUpTo(TranslogWriter.java:288)
	at org.elasticsearch.index.translog.Translog.ensureSynced(Translog.java:671)
	at org.elasticsearch.index.shard.IndexShard.sync(IndexShard.java:1554)
	at org.elasticsearch.action.support.replication.TransportReplicationAction.processAfterWrite(TransportReplicationAction.java:985)
	at org.elasticsearch.action.index.TransportIndexAction.shardOperationOnPrimary(TransportIndexAction.java:160)
	... 10 more
[2016-04-27 14:57:51,912][WARN ][indices.cluster          ] [Overrider] [[test-index][1]] marking and sending shard failed due to [engine failure, reason [already closed by tragic event on the translog]]
java.nio.file.NoSuchFileException: /Users/zhaoyuechen/Desktop/TwitterMapProj-master/elasticputdata/elasticsearch-2.2.0/data/elasticsearch/nodes/0/indices/test-index/1/translog/translog.ckp
	at sun.nio.fs.UnixException.translateToIOException(UnixException.java:86)
	at sun.nio.fs.UnixException.rethrowAsIOException(UnixException.java:102)
	at sun.nio.fs.UnixException.rethrowAsIOException(UnixException.java:107)
	at sun.nio.fs.UnixFileSystemProvider.newFileChannel(UnixFileSystemProvider.java:177)
	at java.nio.channels.FileChannel.open(FileChannel.java:287)
	at java.nio.channels.FileChannel.open(FileChannel.java:335)
	at org.elasticsearch.index.translog.Checkpoint.write(Checkpoint.java:88)
	at org.elasticsearch.index.translog.TranslogWriter.writeCheckpoint(TranslogWriter.java:314)
	at org.elasticsearch.index.translog.TranslogWriter.checkpoint(TranslogWriter.java:304)
	at org.elasticsearch.index.translog.BufferingTranslogWriter.sync(BufferingTranslogWriter.java:132)
	at org.elasticsearch.index.translog.TranslogWriter.syncUpTo(TranslogWriter.java:288)
	at org.elasticsearch.index.translog.Translog.ensureSynced(Translog.java:671)
	at org.elasticsearch.index.shard.IndexShard.sync(IndexShard.java:1554)
	at org.elasticsearch.action.support.replication.TransportReplicationAction.processAfterWrite(TransportReplicationAction.java:985)
	at org.elasticsearch.action.index.TransportIndexAction.shardOperationOnPrimary(TransportIndexAction.java:160)
	at org.elasticsearch.action.index.TransportIndexAction.shardOperationOnPrimary(TransportIndexAction.java:65)
	at org.elasticsearch.action.support.replication.TransportReplicationAction$PrimaryPhase.doRun(TransportReplicationAction.java:595)
	at org.elasticsearch.common.util.concurrent.AbstractRunnable.run(AbstractRunnable.java:37)
	at org.elasticsearch.action.support.replication.TransportReplicationAction$PrimaryOperationTransportHandler.messageReceived(TransportReplicationAction.java:263)
	at org.elasticsearch.action.support.replication.TransportReplicationAction$PrimaryOperationTransportHandler.messageReceived(TransportReplicationAction.java:260)
	at org.elasticsearch.transport.TransportService$4.doRun(TransportService.java:350)
	at org.elasticsearch.common.util.concurrent.AbstractRunnable.run(AbstractRunnable.java:37)
	at java.util.concurrent.ThreadPoolExecutor.runWorker(ThreadPoolExecutor.java:1142)
	at java.util.concurrent.ThreadPoolExecutor$Worker.run(ThreadPoolExecutor.java:617)
	at java.lang.Thread.run(Thread.java:745)
[2016-04-27 14:57:51,913][INFO ][rest.suppressed          ] /test-index/test-type Params: {index=test-index, type=test-type}
RemoteTransportException[[Overrider][127.0.0.1:9300][indices:data/write/index[p]]]; nested: CreateFailedEngineException[Create failed for [test-type#AVRZFaci1OVDYb9Vx4JA]]; nested: AlreadyClosedException[translog is already closed]; nested: NoSuchFileException[/Users/zhaoyuechen/Desktop/TwitterMapProj-master/elasticputdata/elasticsearch-2.2.0/data/elasticsearch/nodes/0/indices/test-index/1/translog/translog.ckp];
Caused by: [test-index][[test-index][1]] CreateFailedEngineException[Create failed for [test-type#AVRZFaci1OVDYb9Vx4JA]]; nested: AlreadyClosedException[translog is already closed]; nested: NoSuchFileException[/Users/zhaoyuechen/Desktop/TwitterMapProj-master/elasticputdata/elasticsearch-2.2.0/data/elasticsearch/nodes/0/indices/test-index/1/translog/translog.ckp];
	at org.elasticsearch.index.engine.InternalEngine.create(InternalEngine.java:367)
	at org.elasticsearch.index.shard.IndexShard.create(IndexShard.java:515)
	at org.elasticsearch.index.engine.Engine$Create.execute(Engine.java:810)
	at org.elasticsearch.action.index.TransportIndexAction.executeIndexRequestOnPrimary(TransportIndexAction.java:236)
	at org.elasticsearch.action.index.TransportIndexAction.shardOperationOnPrimary(TransportIndexAction.java:157)
	at org.elasticsearch.action.index.TransportIndexAction.shardOperationOnPrimary(TransportIndexAction.java:65)
	at org.elasticsearch.action.support.replication.TransportReplicationAction$PrimaryPhase.doRun(TransportReplicationAction.java:595)
	at org.elasticsearch.common.util.concurrent.AbstractRunnable.run(AbstractRunnable.java:37)
	at org.elasticsearch.action.support.replication.TransportReplicationAction$PrimaryOperationTransportHandler.messageReceived(TransportReplicationAction.java:263)
	at org.elasticsearch.action.support.replication.TransportReplicationAction$PrimaryOperationTransportHandler.messageReceived(TransportReplicationAction.java:260)
	at org.elasticsearch.transport.TransportService$4.doRun(TransportService.java:350)
	at org.elasticsearch.common.util.concurrent.AbstractRunnable.run(AbstractRunnable.java:37)
	at java.util.concurrent.ThreadPoolExecutor.runWorker(ThreadPoolExecutor.java:1142)
	at java.util.concurrent.ThreadPoolExecutor$Worker.run(ThreadPoolExecutor.java:617)
	at java.lang.Thread.run(Thread.java:745)
Caused by: org.apache.lucene.store.AlreadyClosedException: translog is already closed
	at org.elasticsearch.index.translog.Translog.ensureOpen(Translog.java:1889)
	at org.elasticsearch.index.translog.Translog.add(Translog.java:544)
	at org.elasticsearch.index.engine.InternalEngine.innerCreateNoLock(InternalEngine.java:451)
	at org.elasticsearch.index.engine.InternalEngine.innerCreate(InternalEngine.java:390)
	at org.elasticsearch.index.engine.InternalEngine.create(InternalEngine.java:362)
	... 14 more
Caused by: java.nio.file.NoSuchFileException: /Users/zhaoyuechen/Desktop/TwitterMapProj-master/elasticputdata/elasticsearch-2.2.0/data/elasticsearch/nodes/0/indices/test-index/1/translog/translog.ckp
	at sun.nio.fs.UnixException.translateToIOException(UnixException.java:86)
	at sun.nio.fs.UnixException.rethrowAsIOException(UnixException.java:102)
	at sun.nio.fs.UnixException.rethrowAsIOException(UnixException.java:107)
	at sun.nio.fs.UnixFileSystemProvider.newFileChannel(UnixFileSystemProvider.java:177)
	at java.nio.channels.FileChannel.open(FileChannel.java:287)
	at java.nio.channels.FileChannel.open(FileChannel.java:335)
	at org.elasticsearch.index.translog.Checkpoint.write(Checkpoint.java:88)
	at org.elasticsearch.index.translog.TranslogWriter.writeCheckpoint(TranslogWriter.java:314)
	at org.elasticsearch.index.translog.TranslogWriter.checkpoint(TranslogWriter.java:304)
	at org.elasticsearch.index.translog.BufferingTranslogWriter.sync(BufferingTranslogWriter.java:132)
	at org.elasticsearch.index.translog.TranslogWriter.syncUpTo(TranslogWriter.java:288)
	at org.elasticsearch.index.translog.Translog.ensureSynced(Translog.java:671)
	at org.elasticsearch.index.shard.IndexShard.sync(IndexShard.java:1554)
	at org.elasticsearch.action.support.replication.TransportReplicationAction.processAfterWrite(TransportReplicationAction.java:985)
	at org.elasticsearch.action.index.TransportIndexAction.shardOperationOnPrimary(TransportIndexAction.java:160)
	... 10 more
[2016-04-27 14:57:51,913][WARN ][cluster.action.shard     ] [Overrider] [test-index][1] received shard failed for [test-index][1], node[u8fmYJa8QaGHqGzVJzt5IA], [P], v[2], s[STARTED], a[id=rVH4OoWvQvmzb7jPXPCTOA], indexUUID [aJWiL-onTUigbvZabKDAVg], message [engine failure, reason [already closed by tragic event on the translog]], failure [NoSuchFileException[/Users/zhaoyuechen/Desktop/TwitterMapProj-master/elasticputdata/elasticsearch-2.2.0/data/elasticsearch/nodes/0/indices/test-index/1/translog/translog.ckp]]
java.nio.file.NoSuchFileException: /Users/zhaoyuechen/Desktop/TwitterMapProj-master/elasticputdata/elasticsearch-2.2.0/data/elasticsearch/nodes/0/indices/test-index/1/translog/translog.ckp
	at sun.nio.fs.UnixException.translateToIOException(UnixException.java:86)
	at sun.nio.fs.UnixException.rethrowAsIOException(UnixException.java:102)
	at sun.nio.fs.UnixException.rethrowAsIOException(UnixException.java:107)
	at sun.nio.fs.UnixFileSystemProvider.newFileChannel(UnixFileSystemProvider.java:177)
	at java.nio.channels.FileChannel.open(FileChannel.java:287)
	at java.nio.channels.FileChannel.open(FileChannel.java:335)
	at org.elasticsearch.index.translog.Checkpoint.write(Checkpoint.java:88)
	at org.elasticsearch.index.translog.TranslogWriter.writeCheckpoint(TranslogWriter.java:314)
	at org.elasticsearch.index.translog.TranslogWriter.checkpoint(TranslogWriter.java:304)
	at org.elasticsearch.index.translog.BufferingTranslogWriter.sync(BufferingTranslogWriter.java:132)
	at org.elasticsearch.index.translog.TranslogWriter.syncUpTo(TranslogWriter.java:288)
	at org.elasticsearch.index.translog.Translog.ensureSynced(Translog.java:671)
	at org.elasticsearch.index.shard.IndexShard.sync(IndexShard.java:1554)
	at org.elasticsearch.action.support.replication.TransportReplicationAction.processAfterWrite(TransportReplicationAction.java:985)
	at org.elasticsearch.action.index.TransportIndexAction.shardOperationOnPrimary(TransportIndexAction.java:160)
	at org.elasticsearch.action.index.TransportIndexAction.shardOperationOnPrimary(TransportIndexAction.java:65)
	at org.elasticsearch.action.support.replication.TransportReplicationAction$PrimaryPhase.doRun(TransportReplicationAction.java:595)
	at org.elasticsearch.common.util.concurrent.AbstractRunnable.run(AbstractRunnable.java:37)
	at org.elasticsearch.action.support.replication.TransportReplicationAction$PrimaryOperationTransportHandler.messageReceived(TransportReplicationAction.java:263)
	at org.elasticsearch.action.support.replication.TransportReplicationAction$PrimaryOperationTransportHandler.messageReceived(TransportReplicationAction.java:260)
	at org.elasticsearch.transport.TransportService$4.doRun(TransportService.java:350)
	at org.elasticsearch.common.util.concurrent.AbstractRunnable.run(AbstractRunnable.java:37)
	at java.util.concurrent.ThreadPoolExecutor.runWorker(ThreadPoolExecutor.java:1142)
	at java.util.concurrent.ThreadPoolExecutor$Worker.run(ThreadPoolExecutor.java:617)
	at java.lang.Thread.run(Thread.java:745)
[2016-04-27 14:57:51,918][WARN ][index.translog           ] [Overrider] [test-index][4] failed to delete unreferenced translog files
java.nio.file.NoSuchFileException: /Users/zhaoyuechen/Desktop/TwitterMapProj-master/elasticputdata/elasticsearch-2.2.0/data/elasticsearch/nodes/0/indices/test-index/4/translog
	at sun.nio.fs.UnixException.translateToIOException(UnixException.java:86)
	at sun.nio.fs.UnixException.rethrowAsIOException(UnixException.java:102)
	at sun.nio.fs.UnixException.rethrowAsIOException(UnixException.java:107)
	at sun.nio.fs.UnixFileSystemProvider.newDirectoryStream(UnixFileSystemProvider.java:407)
	at java.nio.file.Files.newDirectoryStream(Files.java:457)
	at org.elasticsearch.index.translog.Translog$OnCloseRunnable.handle(Translog.java:725)
	at org.elasticsearch.index.translog.Translog$OnCloseRunnable.handle(Translog.java:713)
	at org.elasticsearch.index.translog.ChannelReference.closeInternal(ChannelReference.java:67)
	at org.elasticsearch.common.util.concurrent.AbstractRefCounted.decRef(AbstractRefCounted.java:64)
	at org.elasticsearch.index.translog.TranslogReader.close(TranslogReader.java:143)
	at org.apache.lucene.util.IOUtils.close(IOUtils.java:97)
	at org.apache.lucene.util.IOUtils.close(IOUtils.java:84)
	at org.elasticsearch.index.translog.Translog.close(Translog.java:423)
	at org.apache.lucene.util.IOUtils.close(IOUtils.java:97)
	at org.apache.lucene.util.IOUtils.close(IOUtils.java:84)
	at org.elasticsearch.index.engine.InternalEngine.closeNoLock(InternalEngine.java:990)
	at org.elasticsearch.index.engine.Engine.failEngine(Engine.java:540)
	at org.elasticsearch.index.engine.InternalEngine.maybeFailEngine(InternalEngine.java:929)
	at org.elasticsearch.index.engine.InternalEngine.create(InternalEngine.java:366)
	at org.elasticsearch.index.shard.IndexShard.create(IndexShard.java:515)
	at org.elasticsearch.index.engine.Engine$Create.execute(Engine.java:810)
	at org.elasticsearch.action.index.TransportIndexAction.executeIndexRequestOnPrimary(TransportIndexAction.java:236)
	at org.elasticsearch.action.index.TransportIndexAction.shardOperationOnPrimary(TransportIndexAction.java:157)
	at org.elasticsearch.action.index.TransportIndexAction.shardOperationOnPrimary(TransportIndexAction.java:65)
	at org.elasticsearch.action.support.replication.TransportReplicationAction$PrimaryPhase.doRun(TransportReplicationAction.java:595)
	at org.elasticsearch.common.util.concurrent.AbstractRunnable.run(AbstractRunnable.java:37)
	at org.elasticsearch.action.support.replication.TransportReplicationAction$PrimaryOperationTransportHandler.messageReceived(TransportReplicationAction.java:263)
	at org.elasticsearch.action.support.replication.TransportReplicationAction$PrimaryOperationTransportHandler.messageReceived(TransportReplicationAction.java:260)
	at org.elasticsearch.transport.TransportService$4.doRun(TransportService.java:350)
	at org.elasticsearch.common.util.concurrent.AbstractRunnable.run(AbstractRunnable.java:37)
	at java.util.concurrent.ThreadPoolExecutor.runWorker(ThreadPoolExecutor.java:1142)
	at java.util.concurrent.ThreadPoolExecutor$Worker.run(ThreadPoolExecutor.java:617)
	at java.lang.Thread.run(Thread.java:745)
[2016-04-27 14:57:51,919][WARN ][index.engine             ] [Overrider] [test-index][4] failed engine [create]
java.nio.file.NoSuchFileException: /Users/zhaoyuechen/Desktop/TwitterMapProj-master/elasticputdata/elasticsearch-2.2.0/data/elasticsearch/nodes/0/indices/test-index/4/index/write.lock
	at sun.nio.fs.UnixException.translateToIOException(UnixException.java:86)
	at sun.nio.fs.UnixException.rethrowAsIOException(UnixException.java:102)
	at sun.nio.fs.UnixException.rethrowAsIOException(UnixException.java:107)
	at sun.nio.fs.UnixFileAttributeViews$Basic.readAttributes(UnixFileAttributeViews.java:55)
	at sun.nio.fs.UnixFileSystemProvider.readAttributes(UnixFileSystemProvider.java:144)
	at java.nio.file.Files.readAttributes(Files.java:1737)
	at org.apache.lucene.store.NativeFSLockFactory$NativeFSLock.ensureValid(NativeFSLockFactory.java:177)
	at org.apache.lucene.store.LockValidatingDirectoryWrapper.createOutput(LockValidatingDirectoryWrapper.java:43)
	at org.apache.lucene.store.TrackingDirectoryWrapper.createOutput(TrackingDirectoryWrapper.java:43)
	at org.apache.lucene.codecs.compressing.CompressingStoredFieldsWriter.<init>(CompressingStoredFieldsWriter.java:108)
	at org.apache.lucene.codecs.compressing.CompressingStoredFieldsFormat.fieldsWriter(CompressingStoredFieldsFormat.java:128)
	at org.apache.lucene.codecs.lucene50.Lucene50StoredFieldsFormat.fieldsWriter(Lucene50StoredFieldsFormat.java:183)
	at org.apache.lucene.index.DefaultIndexingChain.initStoredFieldsWriter(DefaultIndexingChain.java:81)
	at org.apache.lucene.index.DefaultIndexingChain.startStoredFields(DefaultIndexingChain.java:258)
	at org.apache.lucene.index.DefaultIndexingChain.processDocument(DefaultIndexingChain.java:295)
	at org.apache.lucene.index.DocumentsWriterPerThread.updateDocument(DocumentsWriterPerThread.java:234)
	at org.apache.lucene.index.DocumentsWriter.updateDocument(DocumentsWriter.java:450)
	at org.apache.lucene.index.IndexWriter.updateDocument(IndexWriter.java:1477)
	at org.apache.lucene.index.IndexWriter.addDocument(IndexWriter.java:1256)
	at org.elasticsearch.index.engine.InternalEngine.innerCreateNoLock(InternalEngine.java:448)
	at org.elasticsearch.index.engine.InternalEngine.innerCreate(InternalEngine.java:390)
	at org.elasticsearch.index.engine.InternalEngine.create(InternalEngine.java:362)
	at org.elasticsearch.index.shard.IndexShard.create(IndexShard.java:515)
	at org.elasticsearch.index.engine.Engine$Create.execute(Engine.java:810)
	at org.elasticsearch.action.index.TransportIndexAction.executeIndexRequestOnPrimary(TransportIndexAction.java:236)
	at org.elasticsearch.action.index.TransportIndexAction.shardOperationOnPrimary(TransportIndexAction.java:157)
	at org.elasticsearch.action.index.TransportIndexAction.shardOperationOnPrimary(TransportIndexAction.java:65)
	at org.elasticsearch.action.support.replication.TransportReplicationAction$PrimaryPhase.doRun(TransportReplicationAction.java:595)
	at org.elasticsearch.common.util.concurrent.AbstractRunnable.run(AbstractRunnable.java:37)
	at org.elasticsearch.action.support.replication.TransportReplicationAction$PrimaryOperationTransportHandler.messageReceived(TransportReplicationAction.java:263)
	at org.elasticsearch.action.support.replication.TransportReplicationAction$PrimaryOperationTransportHandler.messageReceived(TransportReplicationAction.java:260)
	at org.elasticsearch.transport.TransportService$4.doRun(TransportService.java:350)
	at org.elasticsearch.common.util.concurrent.AbstractRunnable.run(AbstractRunnable.java:37)
	at java.util.concurrent.ThreadPoolExecutor.runWorker(ThreadPoolExecutor.java:1142)
	at java.util.concurrent.ThreadPoolExecutor$Worker.run(ThreadPoolExecutor.java:617)
	at java.lang.Thread.run(Thread.java:745)
[2016-04-27 14:57:51,919][DEBUG][action.index             ] [Overrider] failed to execute [index {[test-index][test-type][AVRZFact1OVDYb9Vx4JB], source[{"latitude": 19.4221592, "longitude": -99.1636276, "key": "#MiChaqueta #MoneyForNothing presentaci\u00f3n a prensa de #MySt una nueva experiencia..\u2026 https://t.co/NedyqixEVF"}]}] on [[test-index][4]]
[test-index][[test-index][4]] CreateFailedEngineException[Create failed for [test-type#AVRZFact1OVDYb9Vx4JB]]; nested: NoSuchFileException[/Users/zhaoyuechen/Desktop/TwitterMapProj-master/elasticputdata/elasticsearch-2.2.0/data/elasticsearch/nodes/0/indices/test-index/4/index/write.lock];
	at org.elasticsearch.index.engine.InternalEngine.create(InternalEngine.java:367)
	at org.elasticsearch.index.shard.IndexShard.create(IndexShard.java:515)
	at org.elasticsearch.index.engine.Engine$Create.execute(Engine.java:810)
	at org.elasticsearch.action.index.TransportIndexAction.executeIndexRequestOnPrimary(TransportIndexAction.java:236)
	at org.elasticsearch.action.index.TransportIndexAction.shardOperationOnPrimary(TransportIndexAction.java:157)
	at org.elasticsearch.action.index.TransportIndexAction.shardOperationOnPrimary(TransportIndexAction.java:65)
	at org.elasticsearch.action.support.replication.TransportReplicationAction$PrimaryPhase.doRun(TransportReplicationAction.java:595)
	at org.elasticsearch.common.util.concurrent.AbstractRunnable.run(AbstractRunnable.java:37)
	at org.elasticsearch.action.support.replication.TransportReplicationAction$PrimaryOperationTransportHandler.messageReceived(TransportReplicationAction.java:263)
	at org.elasticsearch.action.support.replication.TransportReplicationAction$PrimaryOperationTransportHandler.messageReceived(TransportReplicationAction.java:260)
	at org.elasticsearch.transport.TransportService$4.doRun(TransportService.java:350)
	at org.elasticsearch.common.util.concurrent.AbstractRunnable.run(AbstractRunnable.java:37)
	at java.util.concurrent.ThreadPoolExecutor.runWorker(ThreadPoolExecutor.java:1142)
	at java.util.concurrent.ThreadPoolExecutor$Worker.run(ThreadPoolExecutor.java:617)
	at java.lang.Thread.run(Thread.java:745)
Caused by: java.nio.file.NoSuchFileException: /Users/zhaoyuechen/Desktop/TwitterMapProj-master/elasticputdata/elasticsearch-2.2.0/data/elasticsearch/nodes/0/indices/test-index/4/index/write.lock
	at sun.nio.fs.UnixException.translateToIOException(UnixException.java:86)
	at sun.nio.fs.UnixException.rethrowAsIOException(UnixException.java:102)
	at sun.nio.fs.UnixException.rethrowAsIOException(UnixException.java:107)
	at sun.nio.fs.UnixFileAttributeViews$Basic.readAttributes(UnixFileAttributeViews.java:55)
	at sun.nio.fs.UnixFileSystemProvider.readAttributes(UnixFileSystemProvider.java:144)
	at java.nio.file.Files.readAttributes(Files.java:1737)
	at org.apache.lucene.store.NativeFSLockFactory$NativeFSLock.ensureValid(NativeFSLockFactory.java:177)
	at org.apache.lucene.store.LockValidatingDirectoryWrapper.createOutput(LockValidatingDirectoryWrapper.java:43)
	at org.apache.lucene.store.TrackingDirectoryWrapper.createOutput(TrackingDirectoryWrapper.java:43)
	at org.apache.lucene.codecs.compressing.CompressingStoredFieldsWriter.<init>(CompressingStoredFieldsWriter.java:108)
	at org.apache.lucene.codecs.compressing.CompressingStoredFieldsFormat.fieldsWriter(CompressingStoredFieldsFormat.java:128)
	at org.apache.lucene.codecs.lucene50.Lucene50StoredFieldsFormat.fieldsWriter(Lucene50StoredFieldsFormat.java:183)
	at org.apache.lucene.index.DefaultIndexingChain.initStoredFieldsWriter(DefaultIndexingChain.java:81)
	at org.apache.lucene.index.DefaultIndexingChain.startStoredFields(DefaultIndexingChain.java:258)
	at org.apache.lucene.index.DefaultIndexingChain.processDocument(DefaultIndexingChain.java:295)
	at org.apache.lucene.index.DocumentsWriterPerThread.updateDocument(DocumentsWriterPerThread.java:234)
	at org.apache.lucene.index.DocumentsWriter.updateDocument(DocumentsWriter.java:450)
	at org.apache.lucene.index.IndexWriter.updateDocument(IndexWriter.java:1477)
	at org.apache.lucene.index.IndexWriter.addDocument(IndexWriter.java:1256)
	at org.elasticsearch.index.engine.InternalEngine.innerCreateNoLock(InternalEngine.java:448)
	at org.elasticsearch.index.engine.InternalEngine.innerCreate(InternalEngine.java:390)
	at org.elasticsearch.index.engine.InternalEngine.create(InternalEngine.java:362)
	... 14 more
[2016-04-27 14:57:51,919][WARN ][indices.cluster          ] [Overrider] [[test-index][4]] marking and sending shard failed due to [engine failure, reason [create]]
java.nio.file.NoSuchFileException: /Users/zhaoyuechen/Desktop/TwitterMapProj-master/elasticputdata/elasticsearch-2.2.0/data/elasticsearch/nodes/0/indices/test-index/4/index/write.lock
	at sun.nio.fs.UnixException.translateToIOException(UnixException.java:86)
	at sun.nio.fs.UnixException.rethrowAsIOException(UnixException.java:102)
	at sun.nio.fs.UnixException.rethrowAsIOException(UnixException.java:107)
	at sun.nio.fs.UnixFileAttributeViews$Basic.readAttributes(UnixFileAttributeViews.java:55)
	at sun.nio.fs.UnixFileSystemProvider.readAttributes(UnixFileSystemProvider.java:144)
	at java.nio.file.Files.readAttributes(Files.java:1737)
	at org.apache.lucene.store.NativeFSLockFactory$NativeFSLock.ensureValid(NativeFSLockFactory.java:177)
	at org.apache.lucene.store.LockValidatingDirectoryWrapper.createOutput(LockValidatingDirectoryWrapper.java:43)
	at org.apache.lucene.store.TrackingDirectoryWrapper.createOutput(TrackingDirectoryWrapper.java:43)
	at org.apache.lucene.codecs.compressing.CompressingStoredFieldsWriter.<init>(CompressingStoredFieldsWriter.java:108)
	at org.apache.lucene.codecs.compressing.CompressingStoredFieldsFormat.fieldsWriter(CompressingStoredFieldsFormat.java:128)
	at org.apache.lucene.codecs.lucene50.Lucene50StoredFieldsFormat.fieldsWriter(Lucene50StoredFieldsFormat.java:183)
	at org.apache.lucene.index.DefaultIndexingChain.initStoredFieldsWriter(DefaultIndexingChain.java:81)
	at org.apache.lucene.index.DefaultIndexingChain.startStoredFields(DefaultIndexingChain.java:258)
	at org.apache.lucene.index.DefaultIndexingChain.processDocument(DefaultIndexingChain.java:295)
	at org.apache.lucene.index.DocumentsWriterPerThread.updateDocument(DocumentsWriterPerThread.java:234)
	at org.apache.lucene.index.DocumentsWriter.updateDocument(DocumentsWriter.java:450)
	at org.apache.lucene.index.IndexWriter.updateDocument(IndexWriter.java:1477)
	at org.apache.lucene.index.IndexWriter.addDocument(IndexWriter.java:1256)
	at org.elasticsearch.index.engine.InternalEngine.innerCreateNoLock(InternalEngine.java:448)
	at org.elasticsearch.index.engine.InternalEngine.innerCreate(InternalEngine.java:390)
	at org.elasticsearch.index.engine.InternalEngine.create(InternalEngine.java:362)
	at org.elasticsearch.index.shard.IndexShard.create(IndexShard.java:515)
	at org.elasticsearch.index.engine.Engine$Create.execute(Engine.java:810)
	at org.elasticsearch.action.index.TransportIndexAction.executeIndexRequestOnPrimary(TransportIndexAction.java:236)
	at org.elasticsearch.action.index.TransportIndexAction.shardOperationOnPrimary(TransportIndexAction.java:157)
	at org.elasticsearch.action.index.TransportIndexAction.shardOperationOnPrimary(TransportIndexAction.java:65)
	at org.elasticsearch.action.support.replication.TransportReplicationAction$PrimaryPhase.doRun(TransportReplicationAction.java:595)
	at org.elasticsearch.common.util.concurrent.AbstractRunnable.run(AbstractRunnable.java:37)
	at org.elasticsearch.action.support.replication.TransportReplicationAction$PrimaryOperationTransportHandler.messageReceived(TransportReplicationAction.java:263)
	at org.elasticsearch.action.support.replication.TransportReplicationAction$PrimaryOperationTransportHandler.messageReceived(TransportReplicationAction.java:260)
	at org.elasticsearch.transport.TransportService$4.doRun(TransportService.java:350)
	at org.elasticsearch.common.util.concurrent.AbstractRunnable.run(AbstractRunnable.java:37)
	at java.util.concurrent.ThreadPoolExecutor.runWorker(ThreadPoolExecutor.java:1142)
	at java.util.concurrent.ThreadPoolExecutor$Worker.run(ThreadPoolExecutor.java:617)
	at java.lang.Thread.run(Thread.java:745)
[2016-04-27 14:57:51,920][INFO ][rest.suppressed          ] /test-index/test-type Params: {index=test-index, type=test-type}
RemoteTransportException[[Overrider][127.0.0.1:9300][indices:data/write/index[p]]]; nested: CreateFailedEngineException[Create failed for [test-type#AVRZFact1OVDYb9Vx4JB]]; nested: NoSuchFileException[/Users/zhaoyuechen/Desktop/TwitterMapProj-master/elasticputdata/elasticsearch-2.2.0/data/elasticsearch/nodes/0/indices/test-index/4/index/write.lock];
Caused by: [test-index][[test-index][4]] CreateFailedEngineException[Create failed for [test-type#AVRZFact1OVDYb9Vx4JB]]; nested: NoSuchFileException[/Users/zhaoyuechen/Desktop/TwitterMapProj-master/elasticputdata/elasticsearch-2.2.0/data/elasticsearch/nodes/0/indices/test-index/4/index/write.lock];
	at org.elasticsearch.index.engine.InternalEngine.create(InternalEngine.java:367)
	at org.elasticsearch.index.shard.IndexShard.create(IndexShard.java:515)
	at org.elasticsearch.index.engine.Engine$Create.execute(Engine.java:810)
	at org.elasticsearch.action.index.TransportIndexAction.executeIndexRequestOnPrimary(TransportIndexAction.java:236)
	at org.elasticsearch.action.index.TransportIndexAction.shardOperationOnPrimary(TransportIndexAction.java:157)
	at org.elasticsearch.action.index.TransportIndexAction.shardOperationOnPrimary(TransportIndexAction.java:65)
	at org.elasticsearch.action.support.replication.TransportReplicationAction$PrimaryPhase.doRun(TransportReplicationAction.java:595)
	at org.elasticsearch.common.util.concurrent.AbstractRunnable.run(AbstractRunnable.java:37)
	at org.elasticsearch.action.support.replication.TransportReplicationAction$PrimaryOperationTransportHandler.messageReceived(TransportReplicationAction.java:263)
	at org.elasticsearch.action.support.replication.TransportReplicationAction$PrimaryOperationTransportHandler.messageReceived(TransportReplicationAction.java:260)
	at org.elasticsearch.transport.TransportService$4.doRun(TransportService.java:350)
	at org.elasticsearch.common.util.concurrent.AbstractRunnable.run(AbstractRunnable.java:37)
	at java.util.concurrent.ThreadPoolExecutor.runWorker(ThreadPoolExecutor.java:1142)
	at java.util.concurrent.ThreadPoolExecutor$Worker.run(ThreadPoolExecutor.java:617)
	at java.lang.Thread.run(Thread.java:745)
Caused by: java.nio.file.NoSuchFileException: /Users/zhaoyuechen/Desktop/TwitterMapProj-master/elasticputdata/elasticsearch-2.2.0/data/elasticsearch/nodes/0/indices/test-index/4/index/write.lock
	at sun.nio.fs.UnixException.translateToIOException(UnixException.java:86)
	at sun.nio.fs.UnixException.rethrowAsIOException(UnixException.java:102)
	at sun.nio.fs.UnixException.rethrowAsIOException(UnixException.java:107)
	at sun.nio.fs.UnixFileAttributeViews$Basic.readAttributes(UnixFileAttributeViews.java:55)
	at sun.nio.fs.UnixFileSystemProvider.readAttributes(UnixFileSystemProvider.java:144)
	at java.nio.file.Files.readAttributes(Files.java:1737)
	at org.apache.lucene.store.NativeFSLockFactory$NativeFSLock.ensureValid(NativeFSLockFactory.java:177)
	at org.apache.lucene.store.LockValidatingDirectoryWrapper.createOutput(LockValidatingDirectoryWrapper.java:43)
	at org.apache.lucene.store.TrackingDirectoryWrapper.createOutput(TrackingDirectoryWrapper.java:43)
	at org.apache.lucene.codecs.compressing.CompressingStoredFieldsWriter.<init>(CompressingStoredFieldsWriter.java:108)
	at org.apache.lucene.codecs.compressing.CompressingStoredFieldsFormat.fieldsWriter(CompressingStoredFieldsFormat.java:128)
	at org.apache.lucene.codecs.lucene50.Lucene50StoredFieldsFormat.fieldsWriter(Lucene50StoredFieldsFormat.java:183)
	at org.apache.lucene.index.DefaultIndexingChain.initStoredFieldsWriter(DefaultIndexingChain.java:81)
	at org.apache.lucene.index.DefaultIndexingChain.startStoredFields(DefaultIndexingChain.java:258)
	at org.apache.lucene.index.DefaultIndexingChain.processDocument(DefaultIndexingChain.java:295)
	at org.apache.lucene.index.DocumentsWriterPerThread.updateDocument(DocumentsWriterPerThread.java:234)
	at org.apache.lucene.index.DocumentsWriter.updateDocument(DocumentsWriter.java:450)
	at org.apache.lucene.index.IndexWriter.updateDocument(IndexWriter.java:1477)
	at org.apache.lucene.index.IndexWriter.addDocument(IndexWriter.java:1256)
	at org.elasticsearch.index.engine.InternalEngine.innerCreateNoLock(InternalEngine.java:448)
	at org.elasticsearch.index.engine.InternalEngine.innerCreate(InternalEngine.java:390)
	at org.elasticsearch.index.engine.InternalEngine.create(InternalEngine.java:362)
	... 14 more
[2016-04-27 14:57:51,920][WARN ][cluster.action.shard     ] [Overrider] [test-index][4] received shard failed for [test-index][4], node[u8fmYJa8QaGHqGzVJzt5IA], [P], v[2], s[STARTED], a[id=Q4gvBBJIRAeSLFW2F0v8-A], indexUUID [aJWiL-onTUigbvZabKDAVg], message [engine failure, reason [create]], failure [NoSuchFileException[/Users/zhaoyuechen/Desktop/TwitterMapProj-master/elasticputdata/elasticsearch-2.2.0/data/elasticsearch/nodes/0/indices/test-index/4/index/write.lock]]
java.nio.file.NoSuchFileException: /Users/zhaoyuechen/Desktop/TwitterMapProj-master/elasticputdata/elasticsearch-2.2.0/data/elasticsearch/nodes/0/indices/test-index/4/index/write.lock
	at sun.nio.fs.UnixException.translateToIOException(UnixException.java:86)
	at sun.nio.fs.UnixException.rethrowAsIOException(UnixException.java:102)
	at sun.nio.fs.UnixException.rethrowAsIOException(UnixException.java:107)
	at sun.nio.fs.UnixFileAttributeViews$Basic.readAttributes(UnixFileAttributeViews.java:55)
	at sun.nio.fs.UnixFileSystemProvider.readAttributes(UnixFileSystemProvider.java:144)
	at java.nio.file.Files.readAttributes(Files.java:1737)
	at org.apache.lucene.store.NativeFSLockFactory$NativeFSLock.ensureValid(NativeFSLockFactory.java:177)
	at org.apache.lucene.store.LockValidatingDirectoryWrapper.createOutput(LockValidatingDirectoryWrapper.java:43)
	at org.apache.lucene.store.TrackingDirectoryWrapper.createOutput(TrackingDirectoryWrapper.java:43)
	at org.apache.lucene.codecs.compressing.CompressingStoredFieldsWriter.<init>(CompressingStoredFieldsWriter.java:108)
	at org.apache.lucene.codecs.compressing.CompressingStoredFieldsFormat.fieldsWriter(CompressingStoredFieldsFormat.java:128)
	at org.apache.lucene.codecs.lucene50.Lucene50StoredFieldsFormat.fieldsWriter(Lucene50StoredFieldsFormat.java:183)
	at org.apache.lucene.index.DefaultIndexingChain.initStoredFieldsWriter(DefaultIndexingChain.java:81)
	at org.apache.lucene.index.DefaultIndexingChain.startStoredFields(DefaultIndexingChain.java:258)
	at org.apache.lucene.index.DefaultIndexingChain.processDocument(DefaultIndexingChain.java:295)
	at org.apache.lucene.index.DocumentsWriterPerThread.updateDocument(DocumentsWriterPerThread.java:234)
	at org.apache.lucene.index.DocumentsWriter.updateDocument(DocumentsWriter.java:450)
	at org.apache.lucene.index.IndexWriter.updateDocument(IndexWriter.java:1477)
	at org.apache.lucene.index.IndexWriter.addDocument(IndexWriter.java:1256)
	at org.elasticsearch.index.engine.InternalEngine.innerCreateNoLock(InternalEngine.java:448)
	at org.elasticsearch.index.engine.InternalEngine.innerCreate(InternalEngine.java:390)
	at org.elasticsearch.index.engine.InternalEngine.create(InternalEngine.java:362)
	at org.elasticsearch.index.shard.IndexShard.create(IndexShard.java:515)
	at org.elasticsearch.index.engine.Engine$Create.execute(Engine.java:810)
	at org.elasticsearch.action.index.TransportIndexAction.executeIndexRequestOnPrimary(TransportIndexAction.java:236)
	at org.elasticsearch.action.index.TransportIndexAction.shardOperationOnPrimary(TransportIndexAction.java:157)
	at org.elasticsearch.action.index.TransportIndexAction.shardOperationOnPrimary(TransportIndexAction.java:65)
	at org.elasticsearch.action.support.replication.TransportReplicationAction$PrimaryPhase.doRun(TransportReplicationAction.java:595)
	at org.elasticsearch.common.util.concurrent.AbstractRunnable.run(AbstractRunnable.java:37)
	at org.elasticsearch.action.support.replication.TransportReplicationAction$PrimaryOperationTransportHandler.messageReceived(TransportReplicationAction.java:263)
	at org.elasticsearch.action.support.replication.TransportReplicationAction$PrimaryOperationTransportHandler.messageReceived(TransportReplicationAction.java:260)
	at org.elasticsearch.transport.TransportService$4.doRun(TransportService.java:350)
	at org.elasticsearch.common.util.concurrent.AbstractRunnable.run(AbstractRunnable.java:37)
	at java.util.concurrent.ThreadPoolExecutor.runWorker(ThreadPoolExecutor.java:1142)
	at java.util.concurrent.ThreadPoolExecutor$Worker.run(ThreadPoolExecutor.java:617)
	at java.lang.Thread.run(Thread.java:745)
[2016-04-27 14:57:55,351][DEBUG][action.admin.indices.stats] [Overrider] [indices:monitor/stats] failed to execute operation for shard [[test-index][2], node[u8fmYJa8QaGHqGzVJzt5IA], [P], v[2], s[STARTED], a[id=x1PdXfyPQtandMvSmolacA]]
ElasticsearchException[failed to refresh store stats]; nested: NoSuchFileException[/Users/zhaoyuechen/Desktop/TwitterMapProj-master/elasticputdata/elasticsearch-2.2.0/data/elasticsearch/nodes/0/indices/test-index/2/index];
	at org.elasticsearch.index.store.Store$StoreStatsCache.refresh(Store.java:1534)
	at org.elasticsearch.index.store.Store$StoreStatsCache.refresh(Store.java:1519)
	at org.elasticsearch.common.util.SingleObjectCache.getOrRefresh(SingleObjectCache.java:55)
	at org.elasticsearch.index.store.Store.stats(Store.java:293)
	at org.elasticsearch.index.shard.IndexShard.storeStats(IndexShard.java:665)
	at org.elasticsearch.action.admin.indices.stats.CommonStats.<init>(CommonStats.java:134)
	at org.elasticsearch.action.admin.indices.stats.TransportIndicesStatsAction.shardOperation(TransportIndicesStatsAction.java:165)
	at org.elasticsearch.action.admin.indices.stats.TransportIndicesStatsAction.shardOperation(TransportIndicesStatsAction.java:47)
	at org.elasticsearch.action.support.broadcast.node.TransportBroadcastByNodeAction$BroadcastByNodeTransportRequestHandler.onShardOperation(TransportBroadcastByNodeAction.java:409)
	at org.elasticsearch.action.support.broadcast.node.TransportBroadcastByNodeAction$BroadcastByNodeTransportRequestHandler.messageReceived(TransportBroadcastByNodeAction.java:388)
	at org.elasticsearch.action.support.broadcast.node.TransportBroadcastByNodeAction$BroadcastByNodeTransportRequestHandler.messageReceived(TransportBroadcastByNodeAction.java:375)
	at org.elasticsearch.transport.TransportService$4.doRun(TransportService.java:350)
	at org.elasticsearch.common.util.concurrent.AbstractRunnable.run(AbstractRunnable.java:37)
	at java.util.concurrent.ThreadPoolExecutor.runWorker(ThreadPoolExecutor.java:1142)
	at java.util.concurrent.ThreadPoolExecutor$Worker.run(ThreadPoolExecutor.java:617)
	at java.lang.Thread.run(Thread.java:745)
Caused by: java.nio.file.NoSuchFileException: /Users/zhaoyuechen/Desktop/TwitterMapProj-master/elasticputdata/elasticsearch-2.2.0/data/elasticsearch/nodes/0/indices/test-index/2/index
	at sun.nio.fs.UnixException.translateToIOException(UnixException.java:86)
	at sun.nio.fs.UnixException.rethrowAsIOException(UnixException.java:102)
	at sun.nio.fs.UnixException.rethrowAsIOException(UnixException.java:107)
	at sun.nio.fs.UnixFileSystemProvider.newDirectoryStream(UnixFileSystemProvider.java:407)
	at java.nio.file.Files.newDirectoryStream(Files.java:457)
	at org.apache.lucene.store.FSDirectory.listAll(FSDirectory.java:190)
	at org.apache.lucene.store.FSDirectory.listAll(FSDirectory.java:202)
	at org.elasticsearch.index.store.FsDirectoryService$1.listAll(FsDirectoryService.java:127)
	at org.apache.lucene.store.FilterDirectory.listAll(FilterDirectory.java:57)
	at org.apache.lucene.store.FilterDirectory.listAll(FilterDirectory.java:57)
	at org.elasticsearch.index.store.Store$StoreStatsCache.estimateSize(Store.java:1540)
	at org.elasticsearch.index.store.Store$StoreStatsCache.refresh(Store.java:1532)
	... 15 more
[2016-04-27 14:57:55,352][DEBUG][action.admin.indices.stats] [Overrider] [indices:monitor/stats] failed to execute operation for shard [[test-index][0], node[u8fmYJa8QaGHqGzVJzt5IA], [P], v[2], s[STARTED], a[id=05VkxxgJSeqHOzl37z1Ufw]]
ElasticsearchException[failed to refresh store stats]; nested: NoSuchFileException[/Users/zhaoyuechen/Desktop/TwitterMapProj-master/elasticputdata/elasticsearch-2.2.0/data/elasticsearch/nodes/0/indices/test-index/0/index];
	at org.elasticsearch.index.store.Store$StoreStatsCache.refresh(Store.java:1534)
	at org.elasticsearch.index.store.Store$StoreStatsCache.refresh(Store.java:1519)
	at org.elasticsearch.common.util.SingleObjectCache.getOrRefresh(SingleObjectCache.java:55)
	at org.elasticsearch.index.store.Store.stats(Store.java:293)
	at org.elasticsearch.index.shard.IndexShard.storeStats(IndexShard.java:665)
	at org.elasticsearch.action.admin.indices.stats.CommonStats.<init>(CommonStats.java:134)
	at org.elasticsearch.action.admin.indices.stats.TransportIndicesStatsAction.shardOperation(TransportIndicesStatsAction.java:165)
	at org.elasticsearch.action.admin.indices.stats.TransportIndicesStatsAction.shardOperation(TransportIndicesStatsAction.java:47)
	at org.elasticsearch.action.support.broadcast.node.TransportBroadcastByNodeAction$BroadcastByNodeTransportRequestHandler.onShardOperation(TransportBroadcastByNodeAction.java:409)
	at org.elasticsearch.action.support.broadcast.node.TransportBroadcastByNodeAction$BroadcastByNodeTransportRequestHandler.messageReceived(TransportBroadcastByNodeAction.java:388)
	at org.elasticsearch.action.support.broadcast.node.TransportBroadcastByNodeAction$BroadcastByNodeTransportRequestHandler.messageReceived(TransportBroadcastByNodeAction.java:375)
	at org.elasticsearch.transport.TransportService$4.doRun(TransportService.java:350)
	at org.elasticsearch.common.util.concurrent.AbstractRunnable.run(AbstractRunnable.java:37)
	at java.util.concurrent.ThreadPoolExecutor.runWorker(ThreadPoolExecutor.java:1142)
	at java.util.concurrent.ThreadPoolExecutor$Worker.run(ThreadPoolExecutor.java:617)
	at java.lang.Thread.run(Thread.java:745)
Caused by: java.nio.file.NoSuchFileException: /Users/zhaoyuechen/Desktop/TwitterMapProj-master/elasticputdata/elasticsearch-2.2.0/data/elasticsearch/nodes/0/indices/test-index/0/index
	at sun.nio.fs.UnixException.translateToIOException(UnixException.java:86)
	at sun.nio.fs.UnixException.rethrowAsIOException(UnixException.java:102)
	at sun.nio.fs.UnixException.rethrowAsIOException(UnixException.java:107)
	at sun.nio.fs.UnixFileSystemProvider.newDirectoryStream(UnixFileSystemProvider.java:407)
	at java.nio.file.Files.newDirectoryStream(Files.java:457)
	at org.apache.lucene.store.FSDirectory.listAll(FSDirectory.java:190)
	at org.apache.lucene.store.FSDirectory.listAll(FSDirectory.java:202)
	at org.elasticsearch.index.store.FsDirectoryService$1.listAll(FsDirectoryService.java:127)
	at org.apache.lucene.store.FilterDirectory.listAll(FilterDirectory.java:57)
	at org.apache.lucene.store.FilterDirectory.listAll(FilterDirectory.java:57)
	at org.elasticsearch.index.store.Store$StoreStatsCache.estimateSize(Store.java:1540)
	at org.elasticsearch.index.store.Store$StoreStatsCache.refresh(Store.java:1532)
	... 15 more
